find_executable: checking for pg_config... -------------------- yes

--------------------

block in append_ldflags: checking for whether -Wl,-rpath,/opt/homebrew/lib/postgresql@14 is accepted as LDFLAGS... -------------------- yes

DYLD_FALLBACK_LIBRARY_PATH=.:/Users/anubhajoshi/.rvm/rubies/ruby-3.2.1/lib "gcc -o conftest -I/Users/anubhajoshi/.rvm/rubies/ruby-3.2.1/include/ruby-3.2.0/arm64-darwin21 -I/Users/anubhajoshi/.rvm/rubies/ruby-3.2.1/include/ruby-3.2.0/ruby/backward -I/Users/anubhajoshi/.rvm/rubies/ruby-3.2.1/include/ruby-3.2.0 -I. -I/opt/homebrew/include/postgresql@14 -D_XOPEN_SOURCE -D_DARWIN_C_SOURCE -D_DARWIN_UNLIMITED_SELECT -D_REENTRANT   -O3 -I/opt/homebrew/opt/libyaml/include -I/opt/homebrew/opt/libksba/include -I/opt/homebrew/opt/readline/include -I/opt/homebrew/opt/zlib/include -I/opt/homebrew/opt/openssl@1.1/include -fdeclspec -O3 -fno-fast-math -ggdb3 -Wno-error=implicit-function-declaration -fno-common -pipe conftest.c  -L. -L/Users/anubhajoshi/.rvm/rubies/ruby-3.2.1/lib -L/opt/homebrew/lib/postgresql@14 -L. -L/opt/homebrew/opt/libyaml/lib -L/opt/homebrew/opt/libksba/lib -L/opt/homebrew/opt/readline/lib -L/opt/homebrew/opt/zlib/lib -L/opt/homebrew/opt/openssl@1.1/lib -fstack-protector-strong     -lruby.3.2  -lpthread  "
checked program was:
/* begin */
1: #include "ruby.h"
2: 
3: int main(int argc, char **argv)
4: {
5:   return !!argv[argc];
6: }
/* end */

DYLD_FALLBACK_LIBRARY_PATH=.:/Users/anubhajoshi/.rvm/rubies/ruby-3.2.1/lib "gcc -o conftest -I/Users/anubhajoshi/.rvm/rubies/ruby-3.2.1/include/ruby-3.2.0/arm64-darwin21 -I/Users/anubhajoshi/.rvm/rubies/ruby-3.2.1/include/ruby-3.2.0/ruby/backward -I/Users/anubhajoshi/.rvm/rubies/ruby-3.2.1/include/ruby-3.2.0 -I. -I/opt/homebrew/include/postgresql@14 -D_XOPEN_SOURCE -D_DARWIN_C_SOURCE -D_DARWIN_UNLIMITED_SELECT -D_REENTRANT   -O3 -I/opt/homebrew/opt/libyaml/include -I/opt/homebrew/opt/libksba/include -I/opt/homebrew/opt/readline/include -I/opt/homebrew/opt/zlib/include -I/opt/homebrew/opt/openssl@1.1/include -fdeclspec -O3 -fno-fast-math -ggdb3 -Wno-error=implicit-function-declaration -fno-common -pipe conftest.c  -L. -L/Users/anubhajoshi/.rvm/rubies/ruby-3.2.1/lib -L/opt/homebrew/lib/postgresql@14 -L. -L/opt/homebrew/opt/libyaml/lib -L/opt/homebrew/opt/libksba/lib -L/opt/homebrew/opt/readline/lib -L/opt/homebrew/opt/zlib/lib -L/opt/homebrew/opt/openssl@1.1/lib -fstack-protector-strong     -lruby.3.2 -Wl,-rpath,/opt/homebrew/lib/postgresql@14 -lpthread  "
checked program was:
/* begin */
1: #include "ruby.h"
2: 
3: int main(int argc, char **argv)
4: {
5:   return !!argv[argc];
6: }
/* end */

--------------------

find_header: checking for libpq-fe.h... -------------------- yes

DYLD_FALLBACK_LIBRARY_PATH=.:/Users/anubhajoshi/.rvm/rubies/ruby-3.2.1/lib "gcc -I/Users/anubhajoshi/.rvm/rubies/ruby-3.2.1/include/ruby-3.2.0/arm64-darwin21 -I/Users/anubhajoshi/.rvm/rubies/ruby-3.2.1/include/ruby-3.2.0/ruby/backward -I/Users/anubhajoshi/.rvm/rubies/ruby-3.2.1/include/ruby-3.2.0 -I. -I/opt/homebrew/include/postgresql@14 -D_XOPEN_SOURCE -D_DARWIN_C_SOURCE -D_DARWIN_UNLIMITED_SELECT -D_REENTRANT   -O3 -I/opt/homebrew/opt/libyaml/include -I/opt/homebrew/opt/libksba/include -I/opt/homebrew/opt/readline/include -I/opt/homebrew/opt/zlib/include -I/opt/homebrew/opt/openssl@1.1/include -fdeclspec -O3 -fno-fast-math -ggdb3 -Wno-error=implicit-function-declaration -fno-common -pipe   -c conftest.c"
checked program was:
/* begin */
1: #include "ruby.h"
2: 
3: #include <libpq-fe.h>
/* end */

--------------------

find_header: checking for libpq/libpq-fs.h... -------------------- yes

DYLD_FALLBACK_LIBRARY_PATH=.:/Users/anubhajoshi/.rvm/rubies/ruby-3.2.1/lib "gcc -I/Users/anubhajoshi/.rvm/rubies/ruby-3.2.1/include/ruby-3.2.0/arm64-darwin21 -I/Users/anubhajoshi/.rvm/rubies/ruby-3.2.1/include/ruby-3.2.0/ruby/backward -I/Users/anubhajoshi/.rvm/rubies/ruby-3.2.1/include/ruby-3.2.0 -I. -I/opt/homebrew/include/postgresql@14 -D_XOPEN_SOURCE -D_DARWIN_C_SOURCE -D_DARWIN_UNLIMITED_SELECT -D_REENTRANT   -O3 -I/opt/homebrew/opt/libyaml/include -I/opt/homebrew/opt/libksba/include -I/opt/homebrew/opt/readline/include -I/opt/homebrew/opt/zlib/include -I/opt/homebrew/opt/openssl@1.1/include -fdeclspec -O3 -fno-fast-math -ggdb3 -Wno-error=implicit-function-declaration -fno-common -pipe   -c conftest.c"
checked program was:
/* begin */
1: #include "ruby.h"
2: 
3: #include <libpq/libpq-fs.h>
/* end */

--------------------

find_header: checking for pg_config_manual.h... -------------------- yes

DYLD_FALLBACK_LIBRARY_PATH=.:/Users/anubhajoshi/.rvm/rubies/ruby-3.2.1/lib "gcc -I/Users/anubhajoshi/.rvm/rubies/ruby-3.2.1/include/ruby-3.2.0/arm64-darwin21 -I/Users/anubhajoshi/.rvm/rubies/ruby-3.2.1/include/ruby-3.2.0/ruby/backward -I/Users/anubhajoshi/.rvm/rubies/ruby-3.2.1/include/ruby-3.2.0 -I. -I/opt/homebrew/include/postgresql@14 -D_XOPEN_SOURCE -D_DARWIN_C_SOURCE -D_DARWIN_UNLIMITED_SELECT -D_REENTRANT   -O3 -I/opt/homebrew/opt/libyaml/include -I/opt/homebrew/opt/libksba/include -I/opt/homebrew/opt/readline/include -I/opt/homebrew/opt/zlib/include -I/opt/homebrew/opt/openssl@1.1/include -fdeclspec -O3 -fno-fast-math -ggdb3 -Wno-error=implicit-function-declaration -fno-common -pipe   -c conftest.c"
checked program was:
/* begin */
1: #include "ruby.h"
2: 
3: #include <pg_config_manual.h>
/* end */

--------------------

have_library: checking for PQconnectdb() in -lpq... -------------------- yes

DYLD_FALLBACK_LIBRARY_PATH=.:/Users/anubhajoshi/.rvm/rubies/ruby-3.2.1/lib "gcc -o conftest -I/Users/anubhajoshi/.rvm/rubies/ruby-3.2.1/include/ruby-3.2.0/arm64-darwin21 -I/Users/anubhajoshi/.rvm/rubies/ruby-3.2.1/include/ruby-3.2.0/ruby/backward -I/Users/anubhajoshi/.rvm/rubies/ruby-3.2.1/include/ruby-3.2.0 -I. -I/opt/homebrew/include/postgresql@14 -D_XOPEN_SOURCE -D_DARWIN_C_SOURCE -D_DARWIN_UNLIMITED_SELECT -D_REENTRANT   -O3 -I/opt/homebrew/opt/libyaml/include -I/opt/homebrew/opt/libksba/include -I/opt/homebrew/opt/readline/include -I/opt/homebrew/opt/zlib/include -I/opt/homebrew/opt/openssl@1.1/include -fdeclspec -O3 -fno-fast-math -ggdb3 -Wno-error=implicit-function-declaration -fno-common -pipe conftest.c  -L. -L/Users/anubhajoshi/.rvm/rubies/ruby-3.2.1/lib -L/opt/homebrew/lib/postgresql@14 -L. -L/opt/homebrew/opt/libyaml/lib -L/opt/homebrew/opt/libksba/lib -L/opt/homebrew/opt/readline/lib -L/opt/homebrew/opt/zlib/lib -L/opt/homebrew/opt/openssl@1.1/lib -fstack-protector-strong -Wl,-rpath,/opt/homebrew/lib/postgresql@14     -lruby.3.2 -lpq  -lpthread  "
checked program was:
/* begin */
 1: #include "ruby.h"
 2: 
 3: #include <libpq-fe.h>
 4: 
 5: /*top*/
 6: extern int t(void);
 7: int main(int argc, char **argv)
 8: {
 9:   if (argc > 1000000) {
10:     int (* volatile tp)(void)=(int (*)(void))&t;
11:     printf("%d", (*tp)());
12:   }
13: 
14:   return !!argv[argc];
15: }
16: int t(void) { void ((*volatile p)()); p = (void ((*)()))PQconnectdb; return !p; }
/* end */

--------------------

have_func: checking for PQconninfo() in libpq-fe.h... -------------------- yes

DYLD_FALLBACK_LIBRARY_PATH=.:/Users/anubhajoshi/.rvm/rubies/ruby-3.2.1/lib "gcc -o conftest -I/Users/anubhajoshi/.rvm/rubies/ruby-3.2.1/include/ruby-3.2.0/arm64-darwin21 -I/Users/anubhajoshi/.rvm/rubies/ruby-3.2.1/include/ruby-3.2.0/ruby/backward -I/Users/anubhajoshi/.rvm/rubies/ruby-3.2.1/include/ruby-3.2.0 -I. -I/opt/homebrew/include/postgresql@14 -D_XOPEN_SOURCE -D_DARWIN_C_SOURCE -D_DARWIN_UNLIMITED_SELECT -D_REENTRANT   -O3 -I/opt/homebrew/opt/libyaml/include -I/opt/homebrew/opt/libksba/include -I/opt/homebrew/opt/readline/include -I/opt/homebrew/opt/zlib/include -I/opt/homebrew/opt/openssl@1.1/include -fdeclspec -O3 -fno-fast-math -ggdb3 -Wno-error=implicit-function-declaration -fno-common -pipe conftest.c  -L. -L/Users/anubhajoshi/.rvm/rubies/ruby-3.2.1/lib -L/opt/homebrew/lib/postgresql@14 -L. -L/opt/homebrew/opt/libyaml/lib -L/opt/homebrew/opt/libksba/lib -L/opt/homebrew/opt/readline/lib -L/opt/homebrew/opt/zlib/lib -L/opt/homebrew/opt/openssl@1.1/lib -fstack-protector-strong -Wl,-rpath,/opt/homebrew/lib/postgresql@14    -lpq  -lruby.3.2 -lpq  -lpthread  "
checked program was:
/* begin */
 1: #include "ruby.h"
 2: 
 3: #include <libpq-fe.h>
 4: 
 5: /*top*/
 6: extern int t(void);
 7: int main(int argc, char **argv)
 8: {
 9:   if (argc > 1000000) {
10:     int (* volatile tp)(void)=(int (*)(void))&t;
11:     printf("%d", (*tp)());
12:   }
13: 
14:   return !!argv[argc];
15: }
16: int t(void) { void ((*volatile p)()); p = (void ((*)()))PQconninfo; return !p; }
/* end */

--------------------

have_func: checking for PQsslAttribute() in libpq-fe.h... -------------------- yes

DYLD_FALLBACK_LIBRARY_PATH=.:/Users/anubhajoshi/.rvm/rubies/ruby-3.2.1/lib "gcc -o conftest -I/Users/anubhajoshi/.rvm/rubies/ruby-3.2.1/include/ruby-3.2.0/arm64-darwin21 -I/Users/anubhajoshi/.rvm/rubies/ruby-3.2.1/include/ruby-3.2.0/ruby/backward -I/Users/anubhajoshi/.rvm/rubies/ruby-3.2.1/include/ruby-3.2.0 -I. -I/opt/homebrew/include/postgresql@14 -D_XOPEN_SOURCE -D_DARWIN_C_SOURCE -D_DARWIN_UNLIMITED_SELECT -D_REENTRANT   -O3 -I/opt/homebrew/opt/libyaml/include -I/opt/homebrew/opt/libksba/include -I/opt/homebrew/opt/readline/include -I/opt/homebrew/opt/zlib/include -I/opt/homebrew/opt/openssl@1.1/include -fdeclspec -O3 -fno-fast-math -ggdb3 -Wno-error=implicit-function-declaration -fno-common -pipe conftest.c  -L. -L/Users/anubhajoshi/.rvm/rubies/ruby-3.2.1/lib -L/opt/homebrew/lib/postgresql@14 -L. -L/opt/homebrew/opt/libyaml/lib -L/opt/homebrew/opt/libksba/lib -L/opt/homebrew/opt/readline/lib -L/opt/homebrew/opt/zlib/lib -L/opt/homebrew/opt/openssl@1.1/lib -fstack-protector-strong -Wl,-rpath,/opt/homebrew/lib/postgresql@14    -lpq  -lruby.3.2 -lpq  -lpthread  "
checked program was:
/* begin */
 1: #include "ruby.h"
 2: 
 3: #include <libpq-fe.h>
 4: 
 5: /*top*/
 6: extern int t(void);
 7: int main(int argc, char **argv)
 8: {
 9:   if (argc > 1000000) {
10:     int (* volatile tp)(void)=(int (*)(void))&t;
11:     printf("%d", (*tp)());
12:   }
13: 
14:   return !!argv[argc];
15: }
16: int t(void) { void ((*volatile p)()); p = (void ((*)()))PQsslAttribute; return !p; }
/* end */

--------------------

have_func: checking for PQresultVerboseErrorMessage() in libpq-fe.h... -------------------- yes

DYLD_FALLBACK_LIBRARY_PATH=.:/Users/anubhajoshi/.rvm/rubies/ruby-3.2.1/lib "gcc -o conftest -I/Users/anubhajoshi/.rvm/rubies/ruby-3.2.1/include/ruby-3.2.0/arm64-darwin21 -I/Users/anubhajoshi/.rvm/rubies/ruby-3.2.1/include/ruby-3.2.0/ruby/backward -I/Users/anubhajoshi/.rvm/rubies/ruby-3.2.1/include/ruby-3.2.0 -I. -I/opt/homebrew/include/postgresql@14 -D_XOPEN_SOURCE -D_DARWIN_C_SOURCE -D_DARWIN_UNLIMITED_SELECT -D_REENTRANT   -O3 -I/opt/homebrew/opt/libyaml/include -I/opt/homebrew/opt/libksba/include -I/opt/homebrew/opt/readline/include -I/opt/homebrew/opt/zlib/include -I/opt/homebrew/opt/openssl@1.1/include -fdeclspec -O3 -fno-fast-math -ggdb3 -Wno-error=implicit-function-declaration -fno-common -pipe conftest.c  -L. -L/Users/anubhajoshi/.rvm/rubies/ruby-3.2.1/lib -L/opt/homebrew/lib/postgresql@14 -L. -L/opt/homebrew/opt/libyaml/lib -L/opt/homebrew/opt/libksba/lib -L/opt/homebrew/opt/readline/lib -L/opt/homebrew/opt/zlib/lib -L/opt/homebrew/opt/openssl@1.1/lib -fstack-protector-strong -Wl,-rpath,/opt/homebrew/lib/postgresql@14    -lpq  -lruby.3.2 -lpq  -lpthread  "
checked program was:
/* begin */
 1: #include "ruby.h"
 2: 
 3: #include <libpq-fe.h>
 4: 
 5: /*top*/
 6: extern int t(void);
 7: int main(int argc, char **argv)
 8: {
 9:   if (argc > 1000000) {
10:     int (* volatile tp)(void)=(int (*)(void))&t;
11:     printf("%d", (*tp)());
12:   }
13: 
14:   return !!argv[argc];
15: }
16: int t(void) { void ((*volatile p)()); p = (void ((*)()))PQresultVerboseErrorMessage; return !p; }
/* end */

--------------------

have_func: checking for PQencryptPasswordConn() in libpq-fe.h... -------------------- yes

DYLD_FALLBACK_LIBRARY_PATH=.:/Users/anubhajoshi/.rvm/rubies/ruby-3.2.1/lib "gcc -o conftest -I/Users/anubhajoshi/.rvm/rubies/ruby-3.2.1/include/ruby-3.2.0/arm64-darwin21 -I/Users/anubhajoshi/.rvm/rubies/ruby-3.2.1/include/ruby-3.2.0/ruby/backward -I/Users/anubhajoshi/.rvm/rubies/ruby-3.2.1/include/ruby-3.2.0 -I. -I/opt/homebrew/include/postgresql@14 -D_XOPEN_SOURCE -D_DARWIN_C_SOURCE -D_DARWIN_UNLIMITED_SELECT -D_REENTRANT   -O3 -I/opt/homebrew/opt/libyaml/include -I/opt/homebrew/opt/libksba/include -I/opt/homebrew/opt/readline/include -I/opt/homebrew/opt/zlib/include -I/opt/homebrew/opt/openssl@1.1/include -fdeclspec -O3 -fno-fast-math -ggdb3 -Wno-error=implicit-function-declaration -fno-common -pipe conftest.c  -L. -L/Users/anubhajoshi/.rvm/rubies/ruby-3.2.1/lib -L/opt/homebrew/lib/postgresql@14 -L. -L/opt/homebrew/opt/libyaml/lib -L/opt/homebrew/opt/libksba/lib -L/opt/homebrew/opt/readline/lib -L/opt/homebrew/opt/zlib/lib -L/opt/homebrew/opt/openssl@1.1/lib -fstack-protector-strong -Wl,-rpath,/opt/homebrew/lib/postgresql@14    -lpq  -lruby.3.2 -lpq  -lpthread  "
checked program was:
/* begin */
 1: #include "ruby.h"
 2: 
 3: #include <libpq-fe.h>
 4: 
 5: /*top*/
 6: extern int t(void);
 7: int main(int argc, char **argv)
 8: {
 9:   if (argc > 1000000) {
10:     int (* volatile tp)(void)=(int (*)(void))&t;
11:     printf("%d", (*tp)());
12:   }
13: 
14:   return !!argv[argc];
15: }
16: int t(void) { void ((*volatile p)()); p = (void ((*)()))PQencryptPasswordConn; return !p; }
/* end */

--------------------

have_func: checking for PQresultMemorySize() in libpq-fe.h... -------------------- yes

DYLD_FALLBACK_LIBRARY_PATH=.:/Users/anubhajoshi/.rvm/rubies/ruby-3.2.1/lib "gcc -o conftest -I/Users/anubhajoshi/.rvm/rubies/ruby-3.2.1/include/ruby-3.2.0/arm64-darwin21 -I/Users/anubhajoshi/.rvm/rubies/ruby-3.2.1/include/ruby-3.2.0/ruby/backward -I/Users/anubhajoshi/.rvm/rubies/ruby-3.2.1/include/ruby-3.2.0 -I. -I/opt/homebrew/include/postgresql@14 -D_XOPEN_SOURCE -D_DARWIN_C_SOURCE -D_DARWIN_UNLIMITED_SELECT -D_REENTRANT   -O3 -I/opt/homebrew/opt/libyaml/include -I/opt/homebrew/opt/libksba/include -I/opt/homebrew/opt/readline/include -I/opt/homebrew/opt/zlib/include -I/opt/homebrew/opt/openssl@1.1/include -fdeclspec -O3 -fno-fast-math -ggdb3 -Wno-error=implicit-function-declaration -fno-common -pipe conftest.c  -L. -L/Users/anubhajoshi/.rvm/rubies/ruby-3.2.1/lib -L/opt/homebrew/lib/postgresql@14 -L. -L/opt/homebrew/opt/libyaml/lib -L/opt/homebrew/opt/libksba/lib -L/opt/homebrew/opt/readline/lib -L/opt/homebrew/opt/zlib/lib -L/opt/homebrew/opt/openssl@1.1/lib -fstack-protector-strong -Wl,-rpath,/opt/homebrew/lib/postgresql@14    -lpq  -lruby.3.2 -lpq  -lpthread  "
checked program was:
/* begin */
 1: #include "ruby.h"
 2: 
 3: #include <libpq-fe.h>
 4: 
 5: /*top*/
 6: extern int t(void);
 7: int main(int argc, char **argv)
 8: {
 9:   if (argc > 1000000) {
10:     int (* volatile tp)(void)=(int (*)(void))&t;
11:     printf("%d", (*tp)());
12:   }
13: 
14:   return !!argv[argc];
15: }
16: int t(void) { void ((*volatile p)()); p = (void ((*)()))PQresultMemorySize; return !p; }
/* end */

--------------------

have_func: checking for PQenterPipelineMode() in libpq-fe.h... -------------------- yes

DYLD_FALLBACK_LIBRARY_PATH=.:/Users/anubhajoshi/.rvm/rubies/ruby-3.2.1/lib "gcc -o conftest -I/Users/anubhajoshi/.rvm/rubies/ruby-3.2.1/include/ruby-3.2.0/arm64-darwin21 -I/Users/anubhajoshi/.rvm/rubies/ruby-3.2.1/include/ruby-3.2.0/ruby/backward -I/Users/anubhajoshi/.rvm/rubies/ruby-3.2.1/include/ruby-3.2.0 -I. -I/opt/homebrew/include/postgresql@14 -D_XOPEN_SOURCE -D_DARWIN_C_SOURCE -D_DARWIN_UNLIMITED_SELECT -D_REENTRANT   -O3 -I/opt/homebrew/opt/libyaml/include -I/opt/homebrew/opt/libksba/include -I/opt/homebrew/opt/readline/include -I/opt/homebrew/opt/zlib/include -I/opt/homebrew/opt/openssl@1.1/include -fdeclspec -O3 -fno-fast-math -ggdb3 -Wno-error=implicit-function-declaration -fno-common -pipe conftest.c  -L. -L/Users/anubhajoshi/.rvm/rubies/ruby-3.2.1/lib -L/opt/homebrew/lib/postgresql@14 -L. -L/opt/homebrew/opt/libyaml/lib -L/opt/homebrew/opt/libksba/lib -L/opt/homebrew/opt/readline/lib -L/opt/homebrew/opt/zlib/lib -L/opt/homebrew/opt/openssl@1.1/lib -fstack-protector-strong -Wl,-rpath,/opt/homebrew/lib/postgresql@14    -lpq  -lruby.3.2 -lpq  -lpthread  "
checked program was:
/* begin */
 1: #include "ruby.h"
 2: 
 3: #include <libpq-fe.h>
 4: 
 5: /*top*/
 6: extern int t(void);
 7: int main(int argc, char **argv)
 8: {
 9:   if (argc > 1000000) {
10:     int (* volatile tp)(void)=(int (*)(void))&t;
11:     printf("%d", (*tp)());
12:   }
13: 
14:   return !!argv[argc];
15: }
16: int t(void) { void ((*volatile p)()); p = (void ((*)()))PQenterPipelineMode; return !p; }
17:  int con(){ return PGRES_PIPELINE_SYNC; }
/* end */

--------------------

have_func: checking for timegm()... -------------------- yes

DYLD_FALLBACK_LIBRARY_PATH=.:/Users/anubhajoshi/.rvm/rubies/ruby-3.2.1/lib "gcc -o conftest -I/Users/anubhajoshi/.rvm/rubies/ruby-3.2.1/include/ruby-3.2.0/arm64-darwin21 -I/Users/anubhajoshi/.rvm/rubies/ruby-3.2.1/include/ruby-3.2.0/ruby/backward -I/Users/anubhajoshi/.rvm/rubies/ruby-3.2.1/include/ruby-3.2.0 -I. -I/opt/homebrew/include/postgresql@14 -D_XOPEN_SOURCE -D_DARWIN_C_SOURCE -D_DARWIN_UNLIMITED_SELECT -D_REENTRANT   -O3 -I/opt/homebrew/opt/libyaml/include -I/opt/homebrew/opt/libksba/include -I/opt/homebrew/opt/readline/include -I/opt/homebrew/opt/zlib/include -I/opt/homebrew/opt/openssl@1.1/include -fdeclspec -O3 -fno-fast-math -ggdb3 -Wno-error=implicit-function-declaration -fno-common -pipe conftest.c  -L. -L/Users/anubhajoshi/.rvm/rubies/ruby-3.2.1/lib -L/opt/homebrew/lib/postgresql@14 -L. -L/opt/homebrew/opt/libyaml/lib -L/opt/homebrew/opt/libksba/lib -L/opt/homebrew/opt/readline/lib -L/opt/homebrew/opt/zlib/lib -L/opt/homebrew/opt/openssl@1.1/lib -fstack-protector-strong -Wl,-rpath,/opt/homebrew/lib/postgresql@14    -lpq  -lruby.3.2 -lpq  -lpthread  "
checked program was:
/* begin */
 1: #include "ruby.h"
 2: 
 3: /*top*/
 4: extern int t(void);
 5: int main(int argc, char **argv)
 6: {
 7:   if (argc > 1000000) {
 8:     int (* volatile tp)(void)=(int (*)(void))&t;
 9:     printf("%d", (*tp)());
10:   }
11: 
12:   return !!argv[argc];
13: }
14: int t(void) { void ((*volatile p)()); p = (void ((*)()))timegm; return !p; }
/* end */

--------------------

have_func: checking for rb_gc_adjust_memory_usage()... -------------------- yes

DYLD_FALLBACK_LIBRARY_PATH=.:/Users/anubhajoshi/.rvm/rubies/ruby-3.2.1/lib "gcc -o conftest -I/Users/anubhajoshi/.rvm/rubies/ruby-3.2.1/include/ruby-3.2.0/arm64-darwin21 -I/Users/anubhajoshi/.rvm/rubies/ruby-3.2.1/include/ruby-3.2.0/ruby/backward -I/Users/anubhajoshi/.rvm/rubies/ruby-3.2.1/include/ruby-3.2.0 -I. -I/opt/homebrew/include/postgresql@14 -D_XOPEN_SOURCE -D_DARWIN_C_SOURCE -D_DARWIN_UNLIMITED_SELECT -D_REENTRANT   -O3 -I/opt/homebrew/opt/libyaml/include -I/opt/homebrew/opt/libksba/include -I/opt/homebrew/opt/readline/include -I/opt/homebrew/opt/zlib/include -I/opt/homebrew/opt/openssl@1.1/include -fdeclspec -O3 -fno-fast-math -ggdb3 -Wno-error=implicit-function-declaration -fno-common -pipe conftest.c  -L. -L/Users/anubhajoshi/.rvm/rubies/ruby-3.2.1/lib -L/opt/homebrew/lib/postgresql@14 -L. -L/opt/homebrew/opt/libyaml/lib -L/opt/homebrew/opt/libksba/lib -L/opt/homebrew/opt/readline/lib -L/opt/homebrew/opt/zlib/lib -L/opt/homebrew/opt/openssl@1.1/lib -fstack-protector-strong -Wl,-rpath,/opt/homebrew/lib/postgresql@14    -lpq  -lruby.3.2 -lpq  -lpthread  "
checked program was:
/* begin */
 1: #include "ruby.h"
 2: 
 3: /*top*/
 4: extern int t(void);
 5: int main(int argc, char **argv)
 6: {
 7:   if (argc > 1000000) {
 8:     int (* volatile tp)(void)=(int (*)(void))&t;
 9:     printf("%d", (*tp)());
10:   }
11: 
12:   return !!argv[argc];
13: }
14: int t(void) { void ((*volatile p)()); p = (void ((*)()))rb_gc_adjust_memory_usage; return !p; }
/* end */

--------------------

have_func: checking for rb_gc_mark_movable()... -------------------- yes

DYLD_FALLBACK_LIBRARY_PATH=.:/Users/anubhajoshi/.rvm/rubies/ruby-3.2.1/lib "gcc -o conftest -I/Users/anubhajoshi/.rvm/rubies/ruby-3.2.1/include/ruby-3.2.0/arm64-darwin21 -I/Users/anubhajoshi/.rvm/rubies/ruby-3.2.1/include/ruby-3.2.0/ruby/backward -I/Users/anubhajoshi/.rvm/rubies/ruby-3.2.1/include/ruby-3.2.0 -I. -I/opt/homebrew/include/postgresql@14 -D_XOPEN_SOURCE -D_DARWIN_C_SOURCE -D_DARWIN_UNLIMITED_SELECT -D_REENTRANT   -O3 -I/opt/homebrew/opt/libyaml/include -I/opt/homebrew/opt/libksba/include -I/opt/homebrew/opt/readline/include -I/opt/homebrew/opt/zlib/include -I/opt/homebrew/opt/openssl@1.1/include -fdeclspec -O3 -fno-fast-math -ggdb3 -Wno-error=implicit-function-declaration -fno-common -pipe conftest.c  -L. -L/Users/anubhajoshi/.rvm/rubies/ruby-3.2.1/lib -L/opt/homebrew/lib/postgresql@14 -L. -L/opt/homebrew/opt/libyaml/lib -L/opt/homebrew/opt/libksba/lib -L/opt/homebrew/opt/readline/lib -L/opt/homebrew/opt/zlib/lib -L/opt/homebrew/opt/openssl@1.1/lib -fstack-protector-strong -Wl,-rpath,/opt/homebrew/lib/postgresql@14    -lpq  -lruby.3.2 -lpq  -lpthread  "
checked program was:
/* begin */
 1: #include "ruby.h"
 2: 
 3: /*top*/
 4: extern int t(void);
 5: int main(int argc, char **argv)
 6: {
 7:   if (argc > 1000000) {
 8:     int (* volatile tp)(void)=(int (*)(void))&t;
 9:     printf("%d", (*tp)());
10:   }
11: 
12:   return !!argv[argc];
13: }
14: int t(void) { void ((*volatile p)()); p = (void ((*)()))rb_gc_mark_movable; return !p; }
/* end */

--------------------

have_func: checking for rb_io_wait()... -------------------- yes

DYLD_FALLBACK_LIBRARY_PATH=.:/Users/anubhajoshi/.rvm/rubies/ruby-3.2.1/lib "gcc -o conftest -I/Users/anubhajoshi/.rvm/rubies/ruby-3.2.1/include/ruby-3.2.0/arm64-darwin21 -I/Users/anubhajoshi/.rvm/rubies/ruby-3.2.1/include/ruby-3.2.0/ruby/backward -I/Users/anubhajoshi/.rvm/rubies/ruby-3.2.1/include/ruby-3.2.0 -I. -I/opt/homebrew/include/postgresql@14 -D_XOPEN_SOURCE -D_DARWIN_C_SOURCE -D_DARWIN_UNLIMITED_SELECT -D_REENTRANT   -O3 -I/opt/homebrew/opt/libyaml/include -I/opt/homebrew/opt/libksba/include -I/opt/homebrew/opt/readline/include -I/opt/homebrew/opt/zlib/include -I/opt/homebrew/opt/openssl@1.1/include -fdeclspec -O3 -fno-fast-math -ggdb3 -Wno-error=implicit-function-declaration -fno-common -pipe conftest.c  -L. -L/Users/anubhajoshi/.rvm/rubies/ruby-3.2.1/lib -L/opt/homebrew/lib/postgresql@14 -L. -L/opt/homebrew/opt/libyaml/lib -L/opt/homebrew/opt/libksba/lib -L/opt/homebrew/opt/readline/lib -L/opt/homebrew/opt/zlib/lib -L/opt/homebrew/opt/openssl@1.1/lib -fstack-protector-strong -Wl,-rpath,/opt/homebrew/lib/postgresql@14    -lpq  -lruby.3.2 -lpq  -lpthread  "
conftest.c:14:57: error: use of undeclared identifier 'rb_io_wait'
int t(void) { void ((*volatile p)()); p = (void ((*)()))rb_io_wait; return !p; }
                                                        ^
1 error generated.
checked program was:
/* begin */
 1: #include "ruby.h"
 2: 
 3: /*top*/
 4: extern int t(void);
 5: int main(int argc, char **argv)
 6: {
 7:   if (argc > 1000000) {
 8:     int (* volatile tp)(void)=(int (*)(void))&t;
 9:     printf("%d", (*tp)());
10:   }
11: 
12:   return !!argv[argc];
13: }
14: int t(void) { void ((*volatile p)()); p = (void ((*)()))rb_io_wait; return !p; }
/* end */

DYLD_FALLBACK_LIBRARY_PATH=.:/Users/anubhajoshi/.rvm/rubies/ruby-3.2.1/lib "gcc -o conftest -I/Users/anubhajoshi/.rvm/rubies/ruby-3.2.1/include/ruby-3.2.0/arm64-darwin21 -I/Users/anubhajoshi/.rvm/rubies/ruby-3.2.1/include/ruby-3.2.0/ruby/backward -I/Users/anubhajoshi/.rvm/rubies/ruby-3.2.1/include/ruby-3.2.0 -I. -I/opt/homebrew/include/postgresql@14 -D_XOPEN_SOURCE -D_DARWIN_C_SOURCE -D_DARWIN_UNLIMITED_SELECT -D_REENTRANT   -O3 -I/opt/homebrew/opt/libyaml/include -I/opt/homebrew/opt/libksba/include -I/opt/homebrew/opt/readline/include -I/opt/homebrew/opt/zlib/include -I/opt/homebrew/opt/openssl@1.1/include -fdeclspec -O3 -fno-fast-math -ggdb3 -Wno-error=implicit-function-declaration -fno-common -pipe conftest.c  -L. -L/Users/anubhajoshi/.rvm/rubies/ruby-3.2.1/lib -L/opt/homebrew/lib/postgresql@14 -L. -L/opt/homebrew/opt/libyaml/lib -L/opt/homebrew/opt/libksba/lib -L/opt/homebrew/opt/readline/lib -L/opt/homebrew/opt/zlib/lib -L/opt/homebrew/opt/openssl@1.1/lib -fstack-protector-strong -Wl,-rpath,/opt/homebrew/lib/postgresql@14    -lpq  -lruby.3.2 -lpq  -lpthread  "
checked program was:
/* begin */
 1: #include "ruby.h"
 2: 
 3: /*top*/
 4: extern int t(void);
 5: int main(int argc, char **argv)
 6: {
 7:   if (argc > 1000000) {
 8:     int (* volatile tp)(void)=(int (*)(void))&t;
 9:     printf("%d", (*tp)());
10:   }
11: 
12:   return !!argv[argc];
13: }
14: extern void rb_io_wait();
15: int t(void) { rb_io_wait(); return 0; }
/* end */

--------------------

have_func: checking for rb_io_descriptor()... -------------------- yes

DYLD_FALLBACK_LIBRARY_PATH=.:/Users/anubhajoshi/.rvm/rubies/ruby-3.2.1/lib "gcc -o conftest -I/Users/anubhajoshi/.rvm/rubies/ruby-3.2.1/include/ruby-3.2.0/arm64-darwin21 -I/Users/anubhajoshi/.rvm/rubies/ruby-3.2.1/include/ruby-3.2.0/ruby/backward -I/Users/anubhajoshi/.rvm/rubies/ruby-3.2.1/include/ruby-3.2.0 -I. -I/opt/homebrew/include/postgresql@14 -D_XOPEN_SOURCE -D_DARWIN_C_SOURCE -D_DARWIN_UNLIMITED_SELECT -D_REENTRANT   -O3 -I/opt/homebrew/opt/libyaml/include -I/opt/homebrew/opt/libksba/include -I/opt/homebrew/opt/readline/include -I/opt/homebrew/opt/zlib/include -I/opt/homebrew/opt/openssl@1.1/include -fdeclspec -O3 -fno-fast-math -ggdb3 -Wno-error=implicit-function-declaration -fno-common -pipe conftest.c  -L. -L/Users/anubhajoshi/.rvm/rubies/ruby-3.2.1/lib -L/opt/homebrew/lib/postgresql@14 -L. -L/opt/homebrew/opt/libyaml/lib -L/opt/homebrew/opt/libksba/lib -L/opt/homebrew/opt/readline/lib -L/opt/homebrew/opt/zlib/lib -L/opt/homebrew/opt/openssl@1.1/lib -fstack-protector-strong -Wl,-rpath,/opt/homebrew/lib/postgresql@14    -lpq  -lruby.3.2 -lpq  -lpthread  "
conftest.c:14:57: error: use of undeclared identifier 'rb_io_descriptor'
int t(void) { void ((*volatile p)()); p = (void ((*)()))rb_io_descriptor; return !p; }
                                                        ^
1 error generated.
checked program was:
/* begin */
 1: #include "ruby.h"
 2: 
 3: /*top*/
 4: extern int t(void);
 5: int main(int argc, char **argv)
 6: {
 7:   if (argc > 1000000) {
 8:     int (* volatile tp)(void)=(int (*)(void))&t;
 9:     printf("%d", (*tp)());
10:   }
11: 
12:   return !!argv[argc];
13: }
14: int t(void) { void ((*volatile p)()); p = (void ((*)()))rb_io_descriptor; return !p; }
/* end */

DYLD_FALLBACK_LIBRARY_PATH=.:/Users/anubhajoshi/.rvm/rubies/ruby-3.2.1/lib "gcc -o conftest -I/Users/anubhajoshi/.rvm/rubies/ruby-3.2.1/include/ruby-3.2.0/arm64-darwin21 -I/Users/anubhajoshi/.rvm/rubies/ruby-3.2.1/include/ruby-3.2.0/ruby/backward -I/Users/anubhajoshi/.rvm/rubies/ruby-3.2.1/include/ruby-3.2.0 -I. -I/opt/homebrew/include/postgresql@14 -D_XOPEN_SOURCE -D_DARWIN_C_SOURCE -D_DARWIN_UNLIMITED_SELECT -D_REENTRANT   -O3 -I/opt/homebrew/opt/libyaml/include -I/opt/homebrew/opt/libksba/include -I/opt/homebrew/opt/readline/include -I/opt/homebrew/opt/zlib/include -I/opt/homebrew/opt/openssl@1.1/include -fdeclspec -O3 -fno-fast-math -ggdb3 -Wno-error=implicit-function-declaration -fno-common -pipe conftest.c  -L. -L/Users/anubhajoshi/.rvm/rubies/ruby-3.2.1/lib -L/opt/homebrew/lib/postgresql@14 -L. -L/opt/homebrew/opt/libyaml/lib -L/opt/homebrew/opt/libksba/lib -L/opt/homebrew/opt/readline/lib -L/opt/homebrew/opt/zlib/lib -L/opt/homebrew/opt/openssl@1.1/lib -fstack-protector-strong -Wl,-rpath,/opt/homebrew/lib/postgresql@14    -lpq  -lruby.3.2 -lpq  -lpthread  "
checked program was:
/* begin */
 1: #include "ruby.h"
 2: 
 3: /*top*/
 4: extern int t(void);
 5: int main(int argc, char **argv)
 6: {
 7:   if (argc > 1000000) {
 8:     int (* volatile tp)(void)=(int (*)(void))&t;
 9:     printf("%d", (*tp)());
10:   }
11: 
12:   return !!argv[argc];
13: }
14: extern void rb_io_descriptor();
15: int t(void) { rb_io_descriptor(); return 0; }
/* end */

--------------------

have_header: checking for unistd.h... -------------------- yes

DYLD_FALLBACK_LIBRARY_PATH=.:/Users/anubhajoshi/.rvm/rubies/ruby-3.2.1/lib "gcc -I/Users/anubhajoshi/.rvm/rubies/ruby-3.2.1/include/ruby-3.2.0/arm64-darwin21 -I/Users/anubhajoshi/.rvm/rubies/ruby-3.2.1/include/ruby-3.2.0/ruby/backward -I/Users/anubhajoshi/.rvm/rubies/ruby-3.2.1/include/ruby-3.2.0 -I. -I/opt/homebrew/include/postgresql@14 -D_XOPEN_SOURCE -D_DARWIN_C_SOURCE -D_DARWIN_UNLIMITED_SELECT -D_REENTRANT   -O3 -I/opt/homebrew/opt/libyaml/include -I/opt/homebrew/opt/libksba/include -I/opt/homebrew/opt/readline/include -I/opt/homebrew/opt/zlib/include -I/opt/homebrew/opt/openssl@1.1/include -fdeclspec -O3 -fno-fast-math -ggdb3 -Wno-error=implicit-function-declaration -fno-common -pipe   -c conftest.c"
checked program was:
/* begin */
1: #include "ruby.h"
2: 
3: #include <unistd.h>
/* end */

--------------------

have_header: checking for inttypes.h... -------------------- yes

DYLD_FALLBACK_LIBRARY_PATH=.:/Users/anubhajoshi/.rvm/rubies/ruby-3.2.1/lib "gcc -I/Users/anubhajoshi/.rvm/rubies/ruby-3.2.1/include/ruby-3.2.0/arm64-darwin21 -I/Users/anubhajoshi/.rvm/rubies/ruby-3.2.1/include/ruby-3.2.0/ruby/backward -I/Users/anubhajoshi/.rvm/rubies/ruby-3.2.1/include/ruby-3.2.0 -I. -I/opt/homebrew/include/postgresql@14 -D_XOPEN_SOURCE -D_DARWIN_C_SOURCE -D_DARWIN_UNLIMITED_SELECT -D_REENTRANT   -O3 -I/opt/homebrew/opt/libyaml/include -I/opt/homebrew/opt/libksba/include -I/opt/homebrew/opt/readline/include -I/opt/homebrew/opt/zlib/include -I/opt/homebrew/opt/openssl@1.1/include -fdeclspec -O3 -fno-fast-math -ggdb3 -Wno-error=implicit-function-declaration -fno-common -pipe   -c conftest.c"
checked program was:
/* begin */
1: #include "ruby.h"
2: 
3: #include <inttypes.h>
/* end */

--------------------

checking for C99 variable length arrays... -------------------- yes

DYLD_FALLBACK_LIBRARY_PATH=.:/Users/anubhajoshi/.rvm/rubies/ruby-3.2.1/lib "gcc -I/Users/anubhajoshi/.rvm/rubies/ruby-3.2.1/include/ruby-3.2.0/arm64-darwin21 -I/Users/anubhajoshi/.rvm/rubies/ruby-3.2.1/include/ruby-3.2.0/ruby/backward -I/Users/anubhajoshi/.rvm/rubies/ruby-3.2.1/include/ruby-3.2.0 -I. -I/opt/homebrew/include/postgresql@14 -D_XOPEN_SOURCE -D_DARWIN_C_SOURCE -D_DARWIN_UNLIMITED_SELECT -D_REENTRANT   -O3 -I/opt/homebrew/opt/libyaml/include -I/opt/homebrew/opt/libksba/include -I/opt/homebrew/opt/readline/include -I/opt/homebrew/opt/zlib/include -I/opt/homebrew/opt/openssl@1.1/include -fdeclspec -O3 -fno-fast-math -ggdb3 -Wno-error=implicit-function-declaration -fno-common -pipe   -c conftest.c"
checked program was:
/* begin */
1: #include "ruby.h"
2: 
3: void test_vla(int l){ int vla[l]; }
/* end */

--------------------

extconf.h is:
/* begin */
 1: #ifndef EXTCONF_H
 2: #define EXTCONF_H
 3: #define ENABLE_GVL_UNLOCK 1
 4: #define HAVE_PQCONNINFO 1
 5: #define HAVE_PQSSLATTRIBUTE 1
 6: #define HAVE_PQRESULTVERBOSEERRORMESSAGE 1
 7: #define HAVE_PQENCRYPTPASSWORDCONN 1
 8: #define HAVE_PQRESULTMEMORYSIZE 1
 9: #define HAVE_PQENTERPIPELINEMODE 1
10: #define HAVE_TIMEGM 1
11: #define HAVE_RB_GC_ADJUST_MEMORY_USAGE 1
12: #define HAVE_RB_GC_MARK_MOVABLE 1
13: #define HAVE_RB_IO_WAIT 1
14: #define HAVE_RB_IO_DESCRIPTOR 1
15: #define HAVE_UNISTD_H 1
16: #define HAVE_INTTYPES_H 1
17: #define HAVE_VARIABLE_LENGTH_ARRAYS 1
18: #endif
/* end */

