have_func: checking for onig_region_memsize() in ruby.h... -------------------- yes

DYLD_FALLBACK_LIBRARY_PATH=.:/Users/anubhajoshi/.rvm/rubies/ruby-3.2.1/lib "gcc -o conftest -I/Users/anubhajoshi/.rvm/rubies/ruby-3.2.1/include/ruby-3.2.0/arm64-darwin21 -I/Users/anubhajoshi/.rvm/rubies/ruby-3.2.1/include/ruby-3.2.0/ruby/backward -I/Users/anubhajoshi/.rvm/rubies/ruby-3.2.1/include/ruby-3.2.0 -I. -D_XOPEN_SOURCE -D_DARWIN_C_SOURCE -D_DARWIN_UNLIMITED_SELECT -D_REENTRANT   -O3 -I/opt/homebrew/opt/libyaml/include -I/opt/homebrew/opt/libksba/include -I/opt/homebrew/opt/readline/include -I/opt/homebrew/opt/zlib/include -I/opt/homebrew/opt/openssl@1.1/include -fdeclspec -O3 -fno-fast-math -ggdb3 -Wno-error=implicit-function-declaration -fno-common -pipe conftest.c  -L. -L/Users/anubhajoshi/.rvm/rubies/ruby-3.2.1/lib -L. -L/opt/homebrew/opt/libyaml/lib -L/opt/homebrew/opt/libksba/lib -L/opt/homebrew/opt/readline/lib -L/opt/homebrew/opt/zlib/lib -L/opt/homebrew/opt/openssl@1.1/lib -fstack-protector-strong     -lruby.3.2  -lpthread  "
checked program was:
/* begin */
1: #include "ruby.h"
2: 
3: int main(int argc, char **argv)
4: {
5:   return !!argv[argc];
6: }
/* end */

DYLD_FALLBACK_LIBRARY_PATH=.:/Users/anubhajoshi/.rvm/rubies/ruby-3.2.1/lib "gcc -o conftest -I/Users/anubhajoshi/.rvm/rubies/ruby-3.2.1/include/ruby-3.2.0/arm64-darwin21 -I/Users/anubhajoshi/.rvm/rubies/ruby-3.2.1/include/ruby-3.2.0/ruby/backward -I/Users/anubhajoshi/.rvm/rubies/ruby-3.2.1/include/ruby-3.2.0 -I. -D_XOPEN_SOURCE -D_DARWIN_C_SOURCE -D_DARWIN_UNLIMITED_SELECT -D_REENTRANT   -O3 -I/opt/homebrew/opt/libyaml/include -I/opt/homebrew/opt/libksba/include -I/opt/homebrew/opt/readline/include -I/opt/homebrew/opt/zlib/include -I/opt/homebrew/opt/openssl@1.1/include -fdeclspec -O3 -fno-fast-math -ggdb3 -Wno-error=implicit-function-declaration -fno-common -pipe conftest.c  -L. -L/Users/anubhajoshi/.rvm/rubies/ruby-3.2.1/lib -L. -L/opt/homebrew/opt/libyaml/lib -L/opt/homebrew/opt/libksba/lib -L/opt/homebrew/opt/readline/lib -L/opt/homebrew/opt/zlib/lib -L/opt/homebrew/opt/openssl@1.1/lib -fstack-protector-strong     -lruby.3.2  -lpthread  "
conftest.c:16:57: error: use of undeclared identifier 'onig_region_memsize'
int t(void) { void ((*volatile p)()); p = (void ((*)()))onig_region_memsize; return !p; }
                                                        ^
1 error generated.
checked program was:
/* begin */
 1: #include "ruby.h"
 2: 
 3: #include <ruby.h>
 4: 
 5: /*top*/
 6: extern int t(void);
 7: int main(int argc, char **argv)
 8: {
 9:   if (argc > 1000000) {
10:     int (* volatile tp)(void)=(int (*)(void))&t;
11:     printf("%d", (*tp)());
12:   }
13: 
14:   return !!argv[argc];
15: }
16: int t(void) { void ((*volatile p)()); p = (void ((*)()))onig_region_memsize; return !p; }
/* end */

DYLD_FALLBACK_LIBRARY_PATH=.:/Users/anubhajoshi/.rvm/rubies/ruby-3.2.1/lib "gcc -o conftest -I/Users/anubhajoshi/.rvm/rubies/ruby-3.2.1/include/ruby-3.2.0/arm64-darwin21 -I/Users/anubhajoshi/.rvm/rubies/ruby-3.2.1/include/ruby-3.2.0/ruby/backward -I/Users/anubhajoshi/.rvm/rubies/ruby-3.2.1/include/ruby-3.2.0 -I. -D_XOPEN_SOURCE -D_DARWIN_C_SOURCE -D_DARWIN_UNLIMITED_SELECT -D_REENTRANT   -O3 -I/opt/homebrew/opt/libyaml/include -I/opt/homebrew/opt/libksba/include -I/opt/homebrew/opt/readline/include -I/opt/homebrew/opt/zlib/include -I/opt/homebrew/opt/openssl@1.1/include -fdeclspec -O3 -fno-fast-math -ggdb3 -Wno-error=implicit-function-declaration -fno-common -pipe conftest.c  -L. -L/Users/anubhajoshi/.rvm/rubies/ruby-3.2.1/lib -L. -L/opt/homebrew/opt/libyaml/lib -L/opt/homebrew/opt/libksba/lib -L/opt/homebrew/opt/readline/lib -L/opt/homebrew/opt/zlib/lib -L/opt/homebrew/opt/openssl@1.1/lib -fstack-protector-strong     -lruby.3.2  -lpthread  "
checked program was:
/* begin */
 1: #include "ruby.h"
 2: 
 3: #include <ruby.h>
 4: 
 5: /*top*/
 6: extern int t(void);
 7: int main(int argc, char **argv)
 8: {
 9:   if (argc > 1000000) {
10:     int (* volatile tp)(void)=(int (*)(void))&t;
11:     printf("%d", (*tp)());
12:   }
13: 
14:   return !!argv[argc];
15: }
16: extern void onig_region_memsize();
17: int t(void) { onig_region_memsize(); return 0; }
/* end */

--------------------

have_func: checking for rb_reg_onig_match() in ruby.h... -------------------- no

DYLD_FALLBACK_LIBRARY_PATH=.:/Users/anubhajoshi/.rvm/rubies/ruby-3.2.1/lib "gcc -o conftest -I/Users/anubhajoshi/.rvm/rubies/ruby-3.2.1/include/ruby-3.2.0/arm64-darwin21 -I/Users/anubhajoshi/.rvm/rubies/ruby-3.2.1/include/ruby-3.2.0/ruby/backward -I/Users/anubhajoshi/.rvm/rubies/ruby-3.2.1/include/ruby-3.2.0 -I. -D_XOPEN_SOURCE -D_DARWIN_C_SOURCE -D_DARWIN_UNLIMITED_SELECT -D_REENTRANT   -O3 -I/opt/homebrew/opt/libyaml/include -I/opt/homebrew/opt/libksba/include -I/opt/homebrew/opt/readline/include -I/opt/homebrew/opt/zlib/include -I/opt/homebrew/opt/openssl@1.1/include -fdeclspec -O3 -fno-fast-math -ggdb3 -Wno-error=implicit-function-declaration -fno-common -pipe conftest.c  -L. -L/Users/anubhajoshi/.rvm/rubies/ruby-3.2.1/lib -L. -L/opt/homebrew/opt/libyaml/lib -L/opt/homebrew/opt/libksba/lib -L/opt/homebrew/opt/readline/lib -L/opt/homebrew/opt/zlib/lib -L/opt/homebrew/opt/openssl@1.1/lib -fstack-protector-strong     -lruby.3.2  -lpthread  "
conftest.c:16:57: error: use of undeclared identifier 'rb_reg_onig_match'
int t(void) { void ((*volatile p)()); p = (void ((*)()))rb_reg_onig_match; return !p; }
                                                        ^
1 error generated.
checked program was:
/* begin */
 1: #include "ruby.h"
 2: 
 3: #include <ruby.h>
 4: 
 5: /*top*/
 6: extern int t(void);
 7: int main(int argc, char **argv)
 8: {
 9:   if (argc > 1000000) {
10:     int (* volatile tp)(void)=(int (*)(void))&t;
11:     printf("%d", (*tp)());
12:   }
13: 
14:   return !!argv[argc];
15: }
16: int t(void) { void ((*volatile p)()); p = (void ((*)()))rb_reg_onig_match; return !p; }
/* end */

DYLD_FALLBACK_LIBRARY_PATH=.:/Users/anubhajoshi/.rvm/rubies/ruby-3.2.1/lib "gcc -o conftest -I/Users/anubhajoshi/.rvm/rubies/ruby-3.2.1/include/ruby-3.2.0/arm64-darwin21 -I/Users/anubhajoshi/.rvm/rubies/ruby-3.2.1/include/ruby-3.2.0/ruby/backward -I/Users/anubhajoshi/.rvm/rubies/ruby-3.2.1/include/ruby-3.2.0 -I. -D_XOPEN_SOURCE -D_DARWIN_C_SOURCE -D_DARWIN_UNLIMITED_SELECT -D_REENTRANT   -O3 -I/opt/homebrew/opt/libyaml/include -I/opt/homebrew/opt/libksba/include -I/opt/homebrew/opt/readline/include -I/opt/homebrew/opt/zlib/include -I/opt/homebrew/opt/openssl@1.1/include -fdeclspec -O3 -fno-fast-math -ggdb3 -Wno-error=implicit-function-declaration -fno-common -pipe conftest.c  -L. -L/Users/anubhajoshi/.rvm/rubies/ruby-3.2.1/lib -L. -L/opt/homebrew/opt/libyaml/lib -L/opt/homebrew/opt/libksba/lib -L/opt/homebrew/opt/readline/lib -L/opt/homebrew/opt/zlib/lib -L/opt/homebrew/opt/openssl@1.1/lib -fstack-protector-strong     -lruby.3.2  -lpthread  "
Undefined symbols for architecture arm64:
  "_rb_reg_onig_match", referenced from:
      _t in conftest-afdc79.o
ld: symbol(s) not found for architecture arm64
clang: error: linker command failed with exit code 1 (use -v to see invocation)
checked program was:
/* begin */
 1: #include "ruby.h"
 2: 
 3: #include <ruby.h>
 4: 
 5: /*top*/
 6: extern int t(void);
 7: int main(int argc, char **argv)
 8: {
 9:   if (argc > 1000000) {
10:     int (* volatile tp)(void)=(int (*)(void))&t;
11:     printf("%d", (*tp)());
12:   }
13: 
14:   return !!argv[argc];
15: }
16: extern void rb_reg_onig_match();
17: int t(void) { rb_reg_onig_match(); return 0; }
/* end */

--------------------

