DYLD_FALLBACK_LIBRARY_PATH=.:/Users/anubhajoshi/.rvm/rubies/ruby-3.2.1/lib pkg-config --exists libffi
DYLD_FALLBACK_LIBRARY_PATH=.:/Users/anubhajoshi/.rvm/rubies/ruby-3.2.1/lib pkg-config --libs libffi |
=> "-lffi\n"
DYLD_FALLBACK_LIBRARY_PATH=.:/Users/anubhajoshi/.rvm/rubies/ruby-3.2.1/lib "gcc -o conftest -I/Users/anubhajoshi/.rvm/rubies/ruby-3.2.1/include/ruby-3.2.0/arm64-darwin21 -I/Users/anubhajoshi/.rvm/rubies/ruby-3.2.1/include/ruby-3.2.0/ruby/backward -I/Users/anubhajoshi/.rvm/rubies/ruby-3.2.1/include/ruby-3.2.0 -I. -D_XOPEN_SOURCE -D_DARWIN_C_SOURCE -D_DARWIN_UNLIMITED_SELECT -D_REENTRANT   -O3 -I/opt/homebrew/opt/libyaml/include -I/opt/homebrew/opt/libksba/include -I/opt/homebrew/opt/readline/include -I/opt/homebrew/opt/zlib/include -I/opt/homebrew/opt/openssl@1.1/include -fdeclspec -O3 -fno-fast-math -ggdb3 -Wno-error=implicit-function-declaration -fno-common -pipe conftest.c  -L. -L/Users/anubhajoshi/.rvm/rubies/ruby-3.2.1/lib -L. -L/opt/homebrew/opt/libyaml/lib -L/opt/homebrew/opt/libksba/lib -L/opt/homebrew/opt/readline/lib -L/opt/homebrew/opt/zlib/lib -L/opt/homebrew/opt/openssl@1.1/lib -fstack-protector-strong     -lruby.3.2  -lpthread  "
checked program was:
/* begin */
1: #include "ruby.h"
2: 
3: int main(int argc, char **argv)
4: {
5:   return !!argv[argc];
6: }
/* end */

DYLD_FALLBACK_LIBRARY_PATH=.:/Users/anubhajoshi/.rvm/rubies/ruby-3.2.1/lib "gcc -o conftest -I/Users/anubhajoshi/.rvm/rubies/ruby-3.2.1/include/ruby-3.2.0/arm64-darwin21 -I/Users/anubhajoshi/.rvm/rubies/ruby-3.2.1/include/ruby-3.2.0/ruby/backward -I/Users/anubhajoshi/.rvm/rubies/ruby-3.2.1/include/ruby-3.2.0 -I. -D_XOPEN_SOURCE -D_DARWIN_C_SOURCE -D_DARWIN_UNLIMITED_SELECT -D_REENTRANT   -O3 -I/opt/homebrew/opt/libyaml/include -I/opt/homebrew/opt/libksba/include -I/opt/homebrew/opt/readline/include -I/opt/homebrew/opt/zlib/include -I/opt/homebrew/opt/openssl@1.1/include -fdeclspec -O3 -fno-fast-math -ggdb3 -Wno-error=implicit-function-declaration -fno-common -pipe conftest.c  -L. -L/Users/anubhajoshi/.rvm/rubies/ruby-3.2.1/lib -L. -L/opt/homebrew/opt/libyaml/lib -L/opt/homebrew/opt/libksba/lib -L/opt/homebrew/opt/readline/lib -L/opt/homebrew/opt/zlib/lib -L/opt/homebrew/opt/openssl@1.1/lib -fstack-protector-strong     -lruby.3.2 -lffi -lpthread  "
checked program was:
/* begin */
1: #include "ruby.h"
2: 
3: int main(int argc, char **argv)
4: {
5:   return !!argv[argc];
6: }
/* end */

DYLD_FALLBACK_LIBRARY_PATH=.:/Users/anubhajoshi/.rvm/rubies/ruby-3.2.1/lib pkg-config --cflags-only-I libffi |
=> "-I/Library/Developer/CommandLineTools/SDKs/MacOSX12.sdk/usr/include/ffi\n"
DYLD_FALLBACK_LIBRARY_PATH=.:/Users/anubhajoshi/.rvm/rubies/ruby-3.2.1/lib pkg-config --cflags-only-other libffi |
=> "\n"
DYLD_FALLBACK_LIBRARY_PATH=.:/Users/anubhajoshi/.rvm/rubies/ruby-3.2.1/lib pkg-config --libs-only-l libffi |
=> "-lffi\n"
package configuration for libffi
incflags: -I/Library/Developer/CommandLineTools/SDKs/MacOSX12.sdk/usr/include/ffi
cflags: 
ldflags: 
libs: -lffi

have_library: checking for ffi_prep_closure_loc() in -lffi... -------------------- yes

DYLD_FALLBACK_LIBRARY_PATH=.:/Users/anubhajoshi/.rvm/rubies/ruby-3.2.1/lib "gcc -o conftest -I/Users/anubhajoshi/.rvm/rubies/ruby-3.2.1/include/ruby-3.2.0/arm64-darwin21 -I/Users/anubhajoshi/.rvm/rubies/ruby-3.2.1/include/ruby-3.2.0/ruby/backward -I/Users/anubhajoshi/.rvm/rubies/ruby-3.2.1/include/ruby-3.2.0 -I. -I/Library/Developer/CommandLineTools/SDKs/MacOSX12.sdk/usr/include/ffi -D_XOPEN_SOURCE -D_DARWIN_C_SOURCE -D_DARWIN_UNLIMITED_SELECT -D_REENTRANT   -O3 -I/opt/homebrew/opt/libyaml/include -I/opt/homebrew/opt/libksba/include -I/opt/homebrew/opt/readline/include -I/opt/homebrew/opt/zlib/include -I/opt/homebrew/opt/openssl@1.1/include -fdeclspec -O3 -fno-fast-math -ggdb3 -Wno-error=implicit-function-declaration -fno-common -pipe  conftest.c  -L. -L/Users/anubhajoshi/.rvm/rubies/ruby-3.2.1/lib -L. -L/opt/homebrew/opt/libyaml/lib -L/opt/homebrew/opt/libksba/lib -L/opt/homebrew/opt/readline/lib -L/opt/homebrew/opt/zlib/lib -L/opt/homebrew/opt/openssl@1.1/lib -fstack-protector-strong      -lffi -lruby.3.2 -lffi  -lffi -lpthread  "
checked program was:
/* begin */
 1: #include "ruby.h"
 2: 
 3: #include <ffi.h>
 4: 
 5: /*top*/
 6: extern int t(void);
 7: int main(int argc, char **argv)
 8: {
 9:   if (argc > 1000000) {
10:     int (* volatile tp)(void)=(int (*)(void))&t;
11:     printf("%d", (*tp)());
12:   }
13: 
14:   return !!argv[argc];
15: }
16: int t(void) { void ((*volatile p)()); p = (void ((*)()))ffi_prep_closure_loc; return !p; }
/* end */

--------------------

have_func: checking for ffi_prep_cif_var()... -------------------- yes

DYLD_FALLBACK_LIBRARY_PATH=.:/Users/anubhajoshi/.rvm/rubies/ruby-3.2.1/lib "gcc -o conftest -I/Users/anubhajoshi/.rvm/rubies/ruby-3.2.1/include/ruby-3.2.0/arm64-darwin21 -I/Users/anubhajoshi/.rvm/rubies/ruby-3.2.1/include/ruby-3.2.0/ruby/backward -I/Users/anubhajoshi/.rvm/rubies/ruby-3.2.1/include/ruby-3.2.0 -I. -I/Library/Developer/CommandLineTools/SDKs/MacOSX12.sdk/usr/include/ffi -D_XOPEN_SOURCE -D_DARWIN_C_SOURCE -D_DARWIN_UNLIMITED_SELECT -D_REENTRANT   -O3 -I/opt/homebrew/opt/libyaml/include -I/opt/homebrew/opt/libksba/include -I/opt/homebrew/opt/readline/include -I/opt/homebrew/opt/zlib/include -I/opt/homebrew/opt/openssl@1.1/include -fdeclspec -O3 -fno-fast-math -ggdb3 -Wno-error=implicit-function-declaration -fno-common -pipe  conftest.c  -L. -L/Users/anubhajoshi/.rvm/rubies/ruby-3.2.1/lib -L. -L/opt/homebrew/opt/libyaml/lib -L/opt/homebrew/opt/libksba/lib -L/opt/homebrew/opt/readline/lib -L/opt/homebrew/opt/zlib/lib -L/opt/homebrew/opt/openssl@1.1/lib -fstack-protector-strong     -lffi  -lffi -lruby.3.2 -lffi  -lffi -lpthread  "
conftest.c:14:57: error: use of undeclared identifier 'ffi_prep_cif_var'
int t(void) { void ((*volatile p)()); p = (void ((*)()))ffi_prep_cif_var; return !p; }
                                                        ^
1 error generated.
checked program was:
/* begin */
 1: #include "ruby.h"
 2: 
 3: /*top*/
 4: extern int t(void);
 5: int main(int argc, char **argv)
 6: {
 7:   if (argc > 1000000) {
 8:     int (* volatile tp)(void)=(int (*)(void))&t;
 9:     printf("%d", (*tp)());
10:   }
11: 
12:   return !!argv[argc];
13: }
14: int t(void) { void ((*volatile p)()); p = (void ((*)()))ffi_prep_cif_var; return !p; }
/* end */

DYLD_FALLBACK_LIBRARY_PATH=.:/Users/anubhajoshi/.rvm/rubies/ruby-3.2.1/lib "gcc -o conftest -I/Users/anubhajoshi/.rvm/rubies/ruby-3.2.1/include/ruby-3.2.0/arm64-darwin21 -I/Users/anubhajoshi/.rvm/rubies/ruby-3.2.1/include/ruby-3.2.0/ruby/backward -I/Users/anubhajoshi/.rvm/rubies/ruby-3.2.1/include/ruby-3.2.0 -I. -I/Library/Developer/CommandLineTools/SDKs/MacOSX12.sdk/usr/include/ffi -D_XOPEN_SOURCE -D_DARWIN_C_SOURCE -D_DARWIN_UNLIMITED_SELECT -D_REENTRANT   -O3 -I/opt/homebrew/opt/libyaml/include -I/opt/homebrew/opt/libksba/include -I/opt/homebrew/opt/readline/include -I/opt/homebrew/opt/zlib/include -I/opt/homebrew/opt/openssl@1.1/include -fdeclspec -O3 -fno-fast-math -ggdb3 -Wno-error=implicit-function-declaration -fno-common -pipe  conftest.c  -L. -L/Users/anubhajoshi/.rvm/rubies/ruby-3.2.1/lib -L. -L/opt/homebrew/opt/libyaml/lib -L/opt/homebrew/opt/libksba/lib -L/opt/homebrew/opt/readline/lib -L/opt/homebrew/opt/zlib/lib -L/opt/homebrew/opt/openssl@1.1/lib -fstack-protector-strong     -lffi  -lffi -lruby.3.2 -lffi  -lffi -lpthread  "
checked program was:
/* begin */
 1: #include "ruby.h"
 2: 
 3: /*top*/
 4: extern int t(void);
 5: int main(int argc, char **argv)
 6: {
 7:   if (argc > 1000000) {
 8:     int (* volatile tp)(void)=(int (*)(void))&t;
 9:     printf("%d", (*tp)());
10:   }
11: 
12:   return !!argv[argc];
13: }
14: extern void ffi_prep_cif_var();
15: int t(void) { ffi_prep_cif_var(); return 0; }
/* end */

--------------------

have_func: checking for ffi_raw_call()... -------------------- yes

DYLD_FALLBACK_LIBRARY_PATH=.:/Users/anubhajoshi/.rvm/rubies/ruby-3.2.1/lib "gcc -o conftest -I/Users/anubhajoshi/.rvm/rubies/ruby-3.2.1/include/ruby-3.2.0/arm64-darwin21 -I/Users/anubhajoshi/.rvm/rubies/ruby-3.2.1/include/ruby-3.2.0/ruby/backward -I/Users/anubhajoshi/.rvm/rubies/ruby-3.2.1/include/ruby-3.2.0 -I. -I/Library/Developer/CommandLineTools/SDKs/MacOSX12.sdk/usr/include/ffi -D_XOPEN_SOURCE -D_DARWIN_C_SOURCE -D_DARWIN_UNLIMITED_SELECT -D_REENTRANT   -O3 -I/opt/homebrew/opt/libyaml/include -I/opt/homebrew/opt/libksba/include -I/opt/homebrew/opt/readline/include -I/opt/homebrew/opt/zlib/include -I/opt/homebrew/opt/openssl@1.1/include -fdeclspec -O3 -fno-fast-math -ggdb3 -Wno-error=implicit-function-declaration -fno-common -pipe  conftest.c  -L. -L/Users/anubhajoshi/.rvm/rubies/ruby-3.2.1/lib -L. -L/opt/homebrew/opt/libyaml/lib -L/opt/homebrew/opt/libksba/lib -L/opt/homebrew/opt/readline/lib -L/opt/homebrew/opt/zlib/lib -L/opt/homebrew/opt/openssl@1.1/lib -fstack-protector-strong     -lffi  -lffi -lruby.3.2 -lffi  -lffi -lpthread  "
conftest.c:14:57: error: use of undeclared identifier 'ffi_raw_call'
int t(void) { void ((*volatile p)()); p = (void ((*)()))ffi_raw_call; return !p; }
                                                        ^
1 error generated.
checked program was:
/* begin */
 1: #include "ruby.h"
 2: 
 3: /*top*/
 4: extern int t(void);
 5: int main(int argc, char **argv)
 6: {
 7:   if (argc > 1000000) {
 8:     int (* volatile tp)(void)=(int (*)(void))&t;
 9:     printf("%d", (*tp)());
10:   }
11: 
12:   return !!argv[argc];
13: }
14: int t(void) { void ((*volatile p)()); p = (void ((*)()))ffi_raw_call; return !p; }
/* end */

DYLD_FALLBACK_LIBRARY_PATH=.:/Users/anubhajoshi/.rvm/rubies/ruby-3.2.1/lib "gcc -o conftest -I/Users/anubhajoshi/.rvm/rubies/ruby-3.2.1/include/ruby-3.2.0/arm64-darwin21 -I/Users/anubhajoshi/.rvm/rubies/ruby-3.2.1/include/ruby-3.2.0/ruby/backward -I/Users/anubhajoshi/.rvm/rubies/ruby-3.2.1/include/ruby-3.2.0 -I. -I/Library/Developer/CommandLineTools/SDKs/MacOSX12.sdk/usr/include/ffi -D_XOPEN_SOURCE -D_DARWIN_C_SOURCE -D_DARWIN_UNLIMITED_SELECT -D_REENTRANT   -O3 -I/opt/homebrew/opt/libyaml/include -I/opt/homebrew/opt/libksba/include -I/opt/homebrew/opt/readline/include -I/opt/homebrew/opt/zlib/include -I/opt/homebrew/opt/openssl@1.1/include -fdeclspec -O3 -fno-fast-math -ggdb3 -Wno-error=implicit-function-declaration -fno-common -pipe  conftest.c  -L. -L/Users/anubhajoshi/.rvm/rubies/ruby-3.2.1/lib -L. -L/opt/homebrew/opt/libyaml/lib -L/opt/homebrew/opt/libksba/lib -L/opt/homebrew/opt/readline/lib -L/opt/homebrew/opt/zlib/lib -L/opt/homebrew/opt/openssl@1.1/lib -fstack-protector-strong     -lffi  -lffi -lruby.3.2 -lffi  -lffi -lpthread  "
checked program was:
/* begin */
 1: #include "ruby.h"
 2: 
 3: /*top*/
 4: extern int t(void);
 5: int main(int argc, char **argv)
 6: {
 7:   if (argc > 1000000) {
 8:     int (* volatile tp)(void)=(int (*)(void))&t;
 9:     printf("%d", (*tp)());
10:   }
11: 
12:   return !!argv[argc];
13: }
14: extern void ffi_raw_call();
15: int t(void) { ffi_raw_call(); return 0; }
/* end */

--------------------

have_func: checking for ffi_prep_raw_closure()... -------------------- yes

DYLD_FALLBACK_LIBRARY_PATH=.:/Users/anubhajoshi/.rvm/rubies/ruby-3.2.1/lib "gcc -o conftest -I/Users/anubhajoshi/.rvm/rubies/ruby-3.2.1/include/ruby-3.2.0/arm64-darwin21 -I/Users/anubhajoshi/.rvm/rubies/ruby-3.2.1/include/ruby-3.2.0/ruby/backward -I/Users/anubhajoshi/.rvm/rubies/ruby-3.2.1/include/ruby-3.2.0 -I. -I/Library/Developer/CommandLineTools/SDKs/MacOSX12.sdk/usr/include/ffi -D_XOPEN_SOURCE -D_DARWIN_C_SOURCE -D_DARWIN_UNLIMITED_SELECT -D_REENTRANT   -O3 -I/opt/homebrew/opt/libyaml/include -I/opt/homebrew/opt/libksba/include -I/opt/homebrew/opt/readline/include -I/opt/homebrew/opt/zlib/include -I/opt/homebrew/opt/openssl@1.1/include -fdeclspec -O3 -fno-fast-math -ggdb3 -Wno-error=implicit-function-declaration -fno-common -pipe  conftest.c  -L. -L/Users/anubhajoshi/.rvm/rubies/ruby-3.2.1/lib -L. -L/opt/homebrew/opt/libyaml/lib -L/opt/homebrew/opt/libksba/lib -L/opt/homebrew/opt/readline/lib -L/opt/homebrew/opt/zlib/lib -L/opt/homebrew/opt/openssl@1.1/lib -fstack-protector-strong     -lffi  -lffi -lruby.3.2 -lffi  -lffi -lpthread  "
conftest.c:14:57: error: use of undeclared identifier 'ffi_prep_raw_closure'
int t(void) { void ((*volatile p)()); p = (void ((*)()))ffi_prep_raw_closure; return !p; }
                                                        ^
1 error generated.
checked program was:
/* begin */
 1: #include "ruby.h"
 2: 
 3: /*top*/
 4: extern int t(void);
 5: int main(int argc, char **argv)
 6: {
 7:   if (argc > 1000000) {
 8:     int (* volatile tp)(void)=(int (*)(void))&t;
 9:     printf("%d", (*tp)());
10:   }
11: 
12:   return !!argv[argc];
13: }
14: int t(void) { void ((*volatile p)()); p = (void ((*)()))ffi_prep_raw_closure; return !p; }
/* end */

DYLD_FALLBACK_LIBRARY_PATH=.:/Users/anubhajoshi/.rvm/rubies/ruby-3.2.1/lib "gcc -o conftest -I/Users/anubhajoshi/.rvm/rubies/ruby-3.2.1/include/ruby-3.2.0/arm64-darwin21 -I/Users/anubhajoshi/.rvm/rubies/ruby-3.2.1/include/ruby-3.2.0/ruby/backward -I/Users/anubhajoshi/.rvm/rubies/ruby-3.2.1/include/ruby-3.2.0 -I. -I/Library/Developer/CommandLineTools/SDKs/MacOSX12.sdk/usr/include/ffi -D_XOPEN_SOURCE -D_DARWIN_C_SOURCE -D_DARWIN_UNLIMITED_SELECT -D_REENTRANT   -O3 -I/opt/homebrew/opt/libyaml/include -I/opt/homebrew/opt/libksba/include -I/opt/homebrew/opt/readline/include -I/opt/homebrew/opt/zlib/include -I/opt/homebrew/opt/openssl@1.1/include -fdeclspec -O3 -fno-fast-math -ggdb3 -Wno-error=implicit-function-declaration -fno-common -pipe  conftest.c  -L. -L/Users/anubhajoshi/.rvm/rubies/ruby-3.2.1/lib -L. -L/opt/homebrew/opt/libyaml/lib -L/opt/homebrew/opt/libksba/lib -L/opt/homebrew/opt/readline/lib -L/opt/homebrew/opt/zlib/lib -L/opt/homebrew/opt/openssl@1.1/lib -fstack-protector-strong     -lffi  -lffi -lruby.3.2 -lffi  -lffi -lpthread  "
checked program was:
/* begin */
 1: #include "ruby.h"
 2: 
 3: /*top*/
 4: extern int t(void);
 5: int main(int argc, char **argv)
 6: {
 7:   if (argc > 1000000) {
 8:     int (* volatile tp)(void)=(int (*)(void))&t;
 9:     printf("%d", (*tp)());
10:   }
11: 
12:   return !!argv[argc];
13: }
14: extern void ffi_prep_raw_closure();
15: int t(void) { ffi_prep_raw_closure(); return 0; }
/* end */

--------------------

have_func: checking for rb_gc_mark_movable()... -------------------- yes

DYLD_FALLBACK_LIBRARY_PATH=.:/Users/anubhajoshi/.rvm/rubies/ruby-3.2.1/lib "gcc -o conftest -I/Users/anubhajoshi/.rvm/rubies/ruby-3.2.1/include/ruby-3.2.0/arm64-darwin21 -I/Users/anubhajoshi/.rvm/rubies/ruby-3.2.1/include/ruby-3.2.0/ruby/backward -I/Users/anubhajoshi/.rvm/rubies/ruby-3.2.1/include/ruby-3.2.0 -I. -I/Library/Developer/CommandLineTools/SDKs/MacOSX12.sdk/usr/include/ffi -D_XOPEN_SOURCE -D_DARWIN_C_SOURCE -D_DARWIN_UNLIMITED_SELECT -D_REENTRANT   -O3 -I/opt/homebrew/opt/libyaml/include -I/opt/homebrew/opt/libksba/include -I/opt/homebrew/opt/readline/include -I/opt/homebrew/opt/zlib/include -I/opt/homebrew/opt/openssl@1.1/include -fdeclspec -O3 -fno-fast-math -ggdb3 -Wno-error=implicit-function-declaration -fno-common -pipe  conftest.c  -L. -L/Users/anubhajoshi/.rvm/rubies/ruby-3.2.1/lib -L. -L/opt/homebrew/opt/libyaml/lib -L/opt/homebrew/opt/libksba/lib -L/opt/homebrew/opt/readline/lib -L/opt/homebrew/opt/zlib/lib -L/opt/homebrew/opt/openssl@1.1/lib -fstack-protector-strong     -lffi  -lffi -lruby.3.2 -lffi  -lffi -lpthread  "
checked program was:
/* begin */
 1: #include "ruby.h"
 2: 
 3: /*top*/
 4: extern int t(void);
 5: int main(int argc, char **argv)
 6: {
 7:   if (argc > 1000000) {
 8:     int (* volatile tp)(void)=(int (*)(void))&t;
 9:     printf("%d", (*tp)());
10:   }
11: 
12:   return !!argv[argc];
13: }
14: int t(void) { void ((*volatile p)()); p = (void ((*)()))rb_gc_mark_movable; return !p; }
/* end */

--------------------

block in append_ldflags: checking for whether -pthread is accepted as LDFLAGS... -------------------- yes

DYLD_FALLBACK_LIBRARY_PATH=.:/Users/anubhajoshi/.rvm/rubies/ruby-3.2.1/lib "gcc -o conftest -I/Users/anubhajoshi/.rvm/rubies/ruby-3.2.1/include/ruby-3.2.0/arm64-darwin21 -I/Users/anubhajoshi/.rvm/rubies/ruby-3.2.1/include/ruby-3.2.0/ruby/backward -I/Users/anubhajoshi/.rvm/rubies/ruby-3.2.1/include/ruby-3.2.0 -I. -I/Library/Developer/CommandLineTools/SDKs/MacOSX12.sdk/usr/include/ffi -D_XOPEN_SOURCE -D_DARWIN_C_SOURCE -D_DARWIN_UNLIMITED_SELECT -D_REENTRANT   -O3 -I/opt/homebrew/opt/libyaml/include -I/opt/homebrew/opt/libksba/include -I/opt/homebrew/opt/readline/include -I/opt/homebrew/opt/zlib/include -I/opt/homebrew/opt/openssl@1.1/include -fdeclspec -O3 -fno-fast-math -ggdb3 -Wno-error=implicit-function-declaration -fno-common -pipe  conftest.c  -L. -L/Users/anubhajoshi/.rvm/rubies/ruby-3.2.1/lib -L. -L/opt/homebrew/opt/libyaml/lib -L/opt/homebrew/opt/libksba/lib -L/opt/homebrew/opt/readline/lib -L/opt/homebrew/opt/zlib/lib -L/opt/homebrew/opt/openssl@1.1/lib -fstack-protector-strong     -lffi  -lffi -lruby.3.2 -pthread -lpthread  "
checked program was:
/* begin */
1: #include "ruby.h"
2: 
3: int main(int argc, char **argv)
4: {
5:   return !!argv[argc];
6: }
/* end */

--------------------

extconf.h is:
/* begin */
1: #ifndef EXTCONF_H
2: #define EXTCONF_H
3: #define HAVE_FFI_PREP_CIF_VAR 1
4: #define HAVE_FFI_RAW_CALL 1
5: #define HAVE_FFI_PREP_RAW_CLOSURE 1
6: #define HAVE_RAW_API 1
7: #define HAVE_RB_GC_MARK_MOVABLE 1
8: #define USE_FFI_ALLOC 1
9: #endif
/* end */

