Performing C SOURCE FILE Test HAVE_STRUCT_STAT_ST_MTIMESPEC failed with the following output:
Change Dir: /app/vendor/cache/ruby/3.3.0/gems/rugged-1.7.2/vendor/libgit2/build/CMakeFiles/CMakeTmp

Run Build Command(s):/usr/bin/gmake -f Makefile cmTC_1def0/fast && /usr/bin/gmake  -f CMakeFiles/cmTC_1def0.dir/build.make CMakeFiles/cmTC_1def0.dir/build
gmake[1]: Entering directory '/app/vendor/cache/ruby/3.3.0/gems/rugged-1.7.2/vendor/libgit2/build/CMakeFiles/CMakeTmp'
Building C object CMakeFiles/cmTC_1def0.dir/src.c.o
/usr/bin/cc -DHAVE_STRUCT_STAT_ST_MTIMESPEC  -fPIC  -o CMakeFiles/cmTC_1def0.dir/src.c.o -c /app/vendor/cache/ruby/3.3.0/gems/rugged-1.7.2/vendor/libgit2/build/CMakeFiles/CMakeTmp/src.c
/app/vendor/cache/ruby/3.3.0/gems/rugged-1.7.2/vendor/libgit2/build/CMakeFiles/CMakeTmp/src.c: In function 'main':
/app/vendor/cache/ruby/3.3.0/gems/rugged-1.7.2/vendor/libgit2/build/CMakeFiles/CMakeTmp/src.c:7:34: error: 'struct stat' has no member named 'st_mtimespec'
    7 |   (void)sizeof(((struct stat *)0)->st_mtimespec);
      |                                  ^~
gmake[1]: *** [CMakeFiles/cmTC_1def0.dir/build.make:78: CMakeFiles/cmTC_1def0.dir/src.c.o] Error 1
gmake[1]: Leaving directory '/app/vendor/cache/ruby/3.3.0/gems/rugged-1.7.2/vendor/libgit2/build/CMakeFiles/CMakeTmp'
gmake: *** [Makefile:127: cmTC_1def0/fast] Error 2


Source file was:

#include <sys/types.h>
#include <sys/stat.h>

int main()
{
  (void)sizeof(((struct stat *)0)->st_mtimespec);
  return 0;
}

Performing C SOURCE FILE Test HAVE_STRUCT_STAT_MTIME_NSEC failed with the following output:
Change Dir: /app/vendor/cache/ruby/3.3.0/gems/rugged-1.7.2/vendor/libgit2/build/CMakeFiles/CMakeTmp

Run Build Command(s):/usr/bin/gmake -f Makefile cmTC_a9408/fast && /usr/bin/gmake  -f CMakeFiles/cmTC_a9408.dir/build.make CMakeFiles/cmTC_a9408.dir/build
gmake[1]: Entering directory '/app/vendor/cache/ruby/3.3.0/gems/rugged-1.7.2/vendor/libgit2/build/CMakeFiles/CMakeTmp'
Building C object CMakeFiles/cmTC_a9408.dir/src.c.o
/usr/bin/cc -DHAVE_STRUCT_STAT_MTIME_NSEC  -fPIC  -o CMakeFiles/cmTC_a9408.dir/src.c.o -c /app/vendor/cache/ruby/3.3.0/gems/rugged-1.7.2/vendor/libgit2/build/CMakeFiles/CMakeTmp/src.c
/app/vendor/cache/ruby/3.3.0/gems/rugged-1.7.2/vendor/libgit2/build/CMakeFiles/CMakeTmp/src.c: In function 'main':
/app/vendor/cache/ruby/3.3.0/gems/rugged-1.7.2/vendor/libgit2/build/CMakeFiles/CMakeTmp/src.c:6:34: error: 'struct stat' has no member named 'st_mtime_nsec'
    6 |   (void)sizeof(((struct stat *)0)->st_mtime_nsec);
      |                                  ^~
gmake[1]: *** [CMakeFiles/cmTC_a9408.dir/build.make:78: CMakeFiles/cmTC_a9408.dir/src.c.o] Error 1
gmake[1]: Leaving directory '/app/vendor/cache/ruby/3.3.0/gems/rugged-1.7.2/vendor/libgit2/build/CMakeFiles/CMakeTmp'
gmake: *** [Makefile:127: cmTC_a9408/fast] Error 2


Source file was:

#include <sys/stat.h>

int main()
{
  (void)sizeof(((struct stat *)0)->st_mtime_nsec);
  return 0;
}

Performing C SOURCE FILE Test IS_WDOCUMENTATION_SUPPORTED failed with the following output:
Change Dir: /app/vendor/cache/ruby/3.3.0/gems/rugged-1.7.2/vendor/libgit2/build/CMakeFiles/CMakeTmp

Run Build Command(s):/usr/bin/gmake -f Makefile cmTC_8f777/fast && /usr/bin/gmake  -f CMakeFiles/cmTC_8f777.dir/build.make CMakeFiles/cmTC_8f777.dir/build
gmake[1]: Entering directory '/app/vendor/cache/ruby/3.3.0/gems/rugged-1.7.2/vendor/libgit2/build/CMakeFiles/CMakeTmp'
Building C object CMakeFiles/cmTC_8f777.dir/src.c.o
/usr/bin/cc -DIS_WDOCUMENTATION_SUPPORTED  -D_GNU_SOURCE -fPIC -Wall -Wextra    -Wdocumentation -o CMakeFiles/cmTC_8f777.dir/src.c.o -c /app/vendor/cache/ruby/3.3.0/gems/rugged-1.7.2/vendor/libgit2/build/CMakeFiles/CMakeTmp/src.c
cc: error: unrecognized command-line option '-Wdocumentation'
gmake[1]: *** [CMakeFiles/cmTC_8f777.dir/build.make:78: CMakeFiles/cmTC_8f777.dir/src.c.o] Error 1
gmake[1]: Leaving directory '/app/vendor/cache/ruby/3.3.0/gems/rugged-1.7.2/vendor/libgit2/build/CMakeFiles/CMakeTmp'
gmake: *** [Makefile:127: cmTC_8f777/fast] Error 2


Source file was:
int main(void) { return 0; }
Performing C SOURCE FILE Test IS_WC11_EXTENSIONS_SUPPORTED failed with the following output:
Change Dir: /app/vendor/cache/ruby/3.3.0/gems/rugged-1.7.2/vendor/libgit2/build/CMakeFiles/CMakeTmp

Run Build Command(s):/usr/bin/gmake -f Makefile cmTC_b15d6/fast && /usr/bin/gmake  -f CMakeFiles/cmTC_b15d6.dir/build.make CMakeFiles/cmTC_b15d6.dir/build
gmake[1]: Entering directory '/app/vendor/cache/ruby/3.3.0/gems/rugged-1.7.2/vendor/libgit2/build/CMakeFiles/CMakeTmp'
Building C object CMakeFiles/cmTC_b15d6.dir/src.c.o
/usr/bin/cc -DIS_WC11_EXTENSIONS_SUPPORTED  -D_GNU_SOURCE -fPIC -Wall -Wextra -Wno-documentation-deprecated-sync -Wno-missing-field-initializers -Wmissing-declarations -Wstrict-aliasing -Wstrict-prototypes -Wdeclaration-after-statement -Wshift-count-overflow -Wunused-const-variable -Wunused-function -Wint-conversion    -Wc11-extensions -o CMakeFiles/cmTC_b15d6.dir/src.c.o -c /app/vendor/cache/ruby/3.3.0/gems/rugged-1.7.2/vendor/libgit2/build/CMakeFiles/CMakeTmp/src.c
cc: error: unrecognized command-line option '-Wc11-extensions'; did you mean '-fms-extensions'?
gmake[1]: *** [CMakeFiles/cmTC_b15d6.dir/build.make:78: CMakeFiles/cmTC_b15d6.dir/src.c.o] Error 1
gmake[1]: Leaving directory '/app/vendor/cache/ruby/3.3.0/gems/rugged-1.7.2/vendor/libgit2/build/CMakeFiles/CMakeTmp'
gmake: *** [Makefile:127: cmTC_b15d6/fast] Error 2


Source file was:
int main(void) { return 0; }
Determining if the include file windows.h exists failed with the following output:
Change Dir: /app/vendor/cache/ruby/3.3.0/gems/rugged-1.7.2/vendor/libgit2/build/CMakeFiles/CMakeTmp

Run Build Command(s):/usr/bin/gmake -f Makefile cmTC_864cc/fast && /usr/bin/gmake  -f CMakeFiles/cmTC_864cc.dir/build.make CMakeFiles/cmTC_864cc.dir/build
gmake[1]: Entering directory '/app/vendor/cache/ruby/3.3.0/gems/rugged-1.7.2/vendor/libgit2/build/CMakeFiles/CMakeTmp'
Building C object CMakeFiles/cmTC_864cc.dir/CheckIncludeFile.c.o
/usr/bin/cc   -D_GNU_SOURCE -fPIC -Wall -Wextra -Wno-documentation-deprecated-sync -Wno-missing-field-initializers -Wmissing-declarations -Wstrict-aliasing -Wstrict-prototypes -Wdeclaration-after-statement -Wshift-count-overflow -Wunused-const-variable -Wunused-function -Wint-conversion -Wc99-c11-compat -Wformat -Wformat-security  -o CMakeFiles/cmTC_864cc.dir/CheckIncludeFile.c.o -c /app/vendor/cache/ruby/3.3.0/gems/rugged-1.7.2/vendor/libgit2/build/CMakeFiles/CMakeTmp/CheckIncludeFile.c
/app/vendor/cache/ruby/3.3.0/gems/rugged-1.7.2/vendor/libgit2/build/CMakeFiles/CMakeTmp/CheckIncludeFile.c:1:10: fatal error: windows.h: No such file or directory
    1 | #include <windows.h>
      |          ^~~~~~~~~~~
compilation terminated.
gmake[1]: *** [CMakeFiles/cmTC_864cc.dir/build.make:78: CMakeFiles/cmTC_864cc.dir/CheckIncludeFile.c.o] Error 1
gmake[1]: Leaving directory '/app/vendor/cache/ruby/3.3.0/gems/rugged-1.7.2/vendor/libgit2/build/CMakeFiles/CMakeTmp'
gmake: *** [Makefile:127: cmTC_864cc/fast] Error 2



Determining if the function _strtoi64 exists failed with the following output:
Change Dir: /app/vendor/cache/ruby/3.3.0/gems/rugged-1.7.2/vendor/libgit2/build/CMakeFiles/CMakeTmp

Run Build Command(s):/usr/bin/gmake -f Makefile cmTC_eb569/fast && /usr/bin/gmake  -f CMakeFiles/cmTC_eb569.dir/build.make CMakeFiles/cmTC_eb569.dir/build
gmake[1]: Entering directory '/app/vendor/cache/ruby/3.3.0/gems/rugged-1.7.2/vendor/libgit2/build/CMakeFiles/CMakeTmp'
Building C object CMakeFiles/cmTC_eb569.dir/CheckFunctionExists.c.o
/usr/bin/cc   -D_GNU_SOURCE -fPIC -Wall -Wextra -Wno-documentation-deprecated-sync -Wno-missing-field-initializers -Wmissing-declarations -Wstrict-aliasing -Wstrict-prototypes -Wdeclaration-after-statement -Wshift-count-overflow -Wunused-const-variable -Wunused-function -Wint-conversion -Wc99-c11-compat -Wformat -Wformat-security -DCHECK_FUNCTION_EXISTS=_strtoi64 -o CMakeFiles/cmTC_eb569.dir/CheckFunctionExists.c.o -c /usr/share/cmake-3.22/Modules/CheckFunctionExists.c
Linking C executable cmTC_eb569
/usr/bin/cmake -E cmake_link_script CMakeFiles/cmTC_eb569.dir/link.txt --verbose=1
/usr/bin/cc -D_GNU_SOURCE -fPIC -Wall -Wextra -Wno-documentation-deprecated-sync -Wno-missing-field-initializers -Wmissing-declarations -Wstrict-aliasing -Wstrict-prototypes -Wdeclaration-after-statement -Wshift-count-overflow -Wunused-const-variable -Wunused-function -Wint-conversion -Wc99-c11-compat -Wformat -Wformat-security -DCHECK_FUNCTION_EXISTS=_strtoi64 CMakeFiles/cmTC_eb569.dir/CheckFunctionExists.c.o -o cmTC_eb569 
/usr/bin/ld: CMakeFiles/cmTC_eb569.dir/CheckFunctionExists.c.o: in function `main':
CheckFunctionExists.c:(.text+0x10): undefined reference to `_strtoi64'
collect2: error: ld returned 1 exit status
gmake[1]: *** [CMakeFiles/cmTC_eb569.dir/build.make:99: cmTC_eb569] Error 1
gmake[1]: Leaving directory '/app/vendor/cache/ruby/3.3.0/gems/rugged-1.7.2/vendor/libgit2/build/CMakeFiles/CMakeTmp'
gmake: *** [Makefile:127: cmTC_eb569/fast] Error 2



Determining if the prototype qsort_r exists for GIT_QSORT_BSD failed with the following output:
Change Dir: /app/vendor/cache/ruby/3.3.0/gems/rugged-1.7.2/vendor/libgit2/build/CMakeFiles/CMakeTmp

Run Build Command(s):/usr/bin/gmake -f Makefile cmTC_b766d/fast && /usr/bin/gmake  -f CMakeFiles/cmTC_b766d.dir/build.make CMakeFiles/cmTC_b766d.dir/build
gmake[1]: Entering directory '/app/vendor/cache/ruby/3.3.0/gems/rugged-1.7.2/vendor/libgit2/build/CMakeFiles/CMakeTmp'
Building C object CMakeFiles/cmTC_b766d.dir/CheckPrototypeDefinition.c.o
/usr/bin/cc   -D_GNU_SOURCE -fPIC -Wall -Wextra -Wno-documentation-deprecated-sync -Wno-missing-field-initializers -Wmissing-declarations -Wstrict-aliasing -Wstrict-prototypes -Wdeclaration-after-statement -Wshift-count-overflow -Wunused-const-variable -Wunused-function -Wint-conversion -Wc99-c11-compat -Wformat -Wformat-security -Wno-unused-function -Wno-unused-parameter  -o CMakeFiles/cmTC_b766d.dir/CheckPrototypeDefinition.c.o -c /app/vendor/cache/ruby/3.3.0/gems/rugged-1.7.2/vendor/libgit2/build/CMakeFiles/CMakeTmp/CheckPrototypeDefinition.c
/app/vendor/cache/ruby/3.3.0/gems/rugged-1.7.2/vendor/libgit2/build/CMakeFiles/CMakeTmp/CheckPrototypeDefinition.c:14:7: error: conflicting types for 'qsort_r'; have 'void(void *, size_t,  size_t,  void *, int (*)(void *, const void *, const void *))' {aka 'void(void *, long unsigned int,  long unsigned int,  void *, int (*)(void *, const void *, const void *))'}
   14 | void (qsort_r)(void *base, size_t nmemb, size_t size, void *context, int (*compar)(void *, const void *, const void *)) {
      |       ^~~~~~~
In file included from /app/vendor/cache/ruby/3.3.0/gems/rugged-1.7.2/vendor/libgit2/build/CMakeFiles/CMakeTmp/CheckPrototypeDefinition.c:1:
/usr/include/stdlib.h:841:13: note: previous declaration of 'qsort_r' with type 'void(void *, size_t,  size_t,  int (*)(const void *, const void *, void *), void *)' {aka 'void(void *, long unsigned int,  long unsigned int,  int (*)(const void *, const void *, void *), void *)'}
  841 | extern void qsort_r (void *__base, size_t __nmemb, size_t __size,
      |             ^~~~~~~
cc1: note: unrecognized command-line option '-Wno-documentation-deprecated-sync' may have been intended to silence earlier diagnostics
gmake[1]: *** [CMakeFiles/cmTC_b766d.dir/build.make:78: CMakeFiles/cmTC_b766d.dir/CheckPrototypeDefinition.c.o] Error 1
gmake[1]: Leaving directory '/app/vendor/cache/ruby/3.3.0/gems/rugged-1.7.2/vendor/libgit2/build/CMakeFiles/CMakeTmp'
gmake: *** [Makefile:127: cmTC_b766d/fast] Error 2



#include <stdlib.h>


static void cmakeRequireSymbol(int dummy, ...) {
  (void) dummy;
}

static void checkSymbol(void) {
#ifndef qsort_r
  cmakeRequireSymbol(0, &qsort_r);
#endif
}

void (qsort_r)(void *base, size_t nmemb, size_t size, void *context, int (*compar)(void *, const void *, const void *)) {
  return ;
}

#ifdef __CLASSIC_C__
int main() {
  int ac;
  char*av[];
#else
int main(int ac, char *av[]) {
#endif
  checkSymbol();
  if (ac > 1000) {
    return *av[0];
  }
  return 0;
}


Determining if the prototype qsort_s exists for GIT_QSORT_C11 failed with the following output:
Change Dir: /app/vendor/cache/ruby/3.3.0/gems/rugged-1.7.2/vendor/libgit2/build/CMakeFiles/CMakeTmp

Run Build Command(s):/usr/bin/gmake -f Makefile cmTC_9d5f3/fast && /usr/bin/gmake  -f CMakeFiles/cmTC_9d5f3.dir/build.make CMakeFiles/cmTC_9d5f3.dir/build
gmake[1]: Entering directory '/app/vendor/cache/ruby/3.3.0/gems/rugged-1.7.2/vendor/libgit2/build/CMakeFiles/CMakeTmp'
Building C object CMakeFiles/cmTC_9d5f3.dir/CheckPrototypeDefinition.c.o
/usr/bin/cc   -D_GNU_SOURCE -fPIC -Wall -Wextra -Wno-documentation-deprecated-sync -Wno-missing-field-initializers -Wmissing-declarations -Wstrict-aliasing -Wstrict-prototypes -Wdeclaration-after-statement -Wshift-count-overflow -Wunused-const-variable -Wunused-function -Wint-conversion -Wc99-c11-compat -Wformat -Wformat-security -Wno-unused-function -Wno-unused-parameter  -o CMakeFiles/cmTC_9d5f3.dir/CheckPrototypeDefinition.c.o -c /app/vendor/cache/ruby/3.3.0/gems/rugged-1.7.2/vendor/libgit2/build/CMakeFiles/CMakeTmp/CheckPrototypeDefinition.c
/app/vendor/cache/ruby/3.3.0/gems/rugged-1.7.2/vendor/libgit2/build/CMakeFiles/CMakeTmp/CheckPrototypeDefinition.c: In function 'checkSymbol':
/app/vendor/cache/ruby/3.3.0/gems/rugged-1.7.2/vendor/libgit2/build/CMakeFiles/CMakeTmp/CheckPrototypeDefinition.c:10:26: error: 'qsort_s' undeclared (first use in this function); did you mean 'qsort_r'?
   10 |   cmakeRequireSymbol(0, &qsort_s);
      |                          ^~~~~~~
      |                          qsort_r
/app/vendor/cache/ruby/3.3.0/gems/rugged-1.7.2/vendor/libgit2/build/CMakeFiles/CMakeTmp/CheckPrototypeDefinition.c:10:26: note: each undeclared identifier is reported only once for each function it appears in
/app/vendor/cache/ruby/3.3.0/gems/rugged-1.7.2/vendor/libgit2/build/CMakeFiles/CMakeTmp/CheckPrototypeDefinition.c: At top level:
/app/vendor/cache/ruby/3.3.0/gems/rugged-1.7.2/vendor/libgit2/build/CMakeFiles/CMakeTmp/CheckPrototypeDefinition.c:14:31: error: unknown type name 'rsize_t'; did you mean 'ssize_t'?
   14 | errno_t (qsort_s)(void *base, rsize_t nmemb, rsize_t size, int (*compar)(const void *, const void *, void *), void *context) {
      |                               ^~~~~~~
      |                               ssize_t
/app/vendor/cache/ruby/3.3.0/gems/rugged-1.7.2/vendor/libgit2/build/CMakeFiles/CMakeTmp/CheckPrototypeDefinition.c:14:46: error: unknown type name 'rsize_t'; did you mean 'ssize_t'?
   14 | errno_t (qsort_s)(void *base, rsize_t nmemb, rsize_t size, int (*compar)(const void *, const void *, void *), void *context) {
      |                                              ^~~~~~~
      |                                              ssize_t
cc1: note: unrecognized command-line option '-Wno-documentation-deprecated-sync' may have been intended to silence earlier diagnostics
gmake[1]: *** [CMakeFiles/cmTC_9d5f3.dir/build.make:78: CMakeFiles/cmTC_9d5f3.dir/CheckPrototypeDefinition.c.o] Error 1
gmake[1]: Leaving directory '/app/vendor/cache/ruby/3.3.0/gems/rugged-1.7.2/vendor/libgit2/build/CMakeFiles/CMakeTmp'
gmake: *** [Makefile:127: cmTC_9d5f3/fast] Error 2



#include <stdlib.h>


static void cmakeRequireSymbol(int dummy, ...) {
  (void) dummy;
}

static void checkSymbol(void) {
#ifndef qsort_s
  cmakeRequireSymbol(0, &qsort_s);
#endif
}

errno_t (qsort_s)(void *base, rsize_t nmemb, rsize_t size, int (*compar)(const void *, const void *, void *), void *context) {
  return 0;
}

#ifdef __CLASSIC_C__
int main() {
  int ac;
  char*av[];
#else
int main(int ac, char *av[]) {
#endif
  checkSymbol();
  if (ac > 1000) {
    return *av[0];
  }
  return 0;
}


Determining if the prototype qsort_s exists for GIT_QSORT_MSC failed with the following output:
Change Dir: /app/vendor/cache/ruby/3.3.0/gems/rugged-1.7.2/vendor/libgit2/build/CMakeFiles/CMakeTmp

Run Build Command(s):/usr/bin/gmake -f Makefile cmTC_c1fa1/fast && /usr/bin/gmake  -f CMakeFiles/cmTC_c1fa1.dir/build.make CMakeFiles/cmTC_c1fa1.dir/build
gmake[1]: Entering directory '/app/vendor/cache/ruby/3.3.0/gems/rugged-1.7.2/vendor/libgit2/build/CMakeFiles/CMakeTmp'
Building C object CMakeFiles/cmTC_c1fa1.dir/CheckPrototypeDefinition.c.o
/usr/bin/cc   -D_GNU_SOURCE -fPIC -Wall -Wextra -Wno-documentation-deprecated-sync -Wno-missing-field-initializers -Wmissing-declarations -Wstrict-aliasing -Wstrict-prototypes -Wdeclaration-after-statement -Wshift-count-overflow -Wunused-const-variable -Wunused-function -Wint-conversion -Wc99-c11-compat -Wformat -Wformat-security -Wno-unused-function -Wno-unused-parameter  -o CMakeFiles/cmTC_c1fa1.dir/CheckPrototypeDefinition.c.o -c /app/vendor/cache/ruby/3.3.0/gems/rugged-1.7.2/vendor/libgit2/build/CMakeFiles/CMakeTmp/CheckPrototypeDefinition.c
/app/vendor/cache/ruby/3.3.0/gems/rugged-1.7.2/vendor/libgit2/build/CMakeFiles/CMakeTmp/CheckPrototypeDefinition.c: In function 'checkSymbol':
/app/vendor/cache/ruby/3.3.0/gems/rugged-1.7.2/vendor/libgit2/build/CMakeFiles/CMakeTmp/CheckPrototypeDefinition.c:10:26: error: 'qsort_s' undeclared (first use in this function); did you mean 'qsort_r'?
   10 |   cmakeRequireSymbol(0, &qsort_s);
      |                          ^~~~~~~
      |                          qsort_r
/app/vendor/cache/ruby/3.3.0/gems/rugged-1.7.2/vendor/libgit2/build/CMakeFiles/CMakeTmp/CheckPrototypeDefinition.c:10:26: note: each undeclared identifier is reported only once for each function it appears in
/app/vendor/cache/ruby/3.3.0/gems/rugged-1.7.2/vendor/libgit2/build/CMakeFiles/CMakeTmp/CheckPrototypeDefinition.c: At top level:
/app/vendor/cache/ruby/3.3.0/gems/rugged-1.7.2/vendor/libgit2/build/CMakeFiles/CMakeTmp/CheckPrototypeDefinition.c:14:7: warning: no previous declaration for 'qsort_s' [-Wmissing-declarations]
   14 | void (qsort_s)(void *base, size_t num, size_t width, int (*compare )(void *, const void *, const void *), void *context) {
      |       ^~~~~~~
cc1: note: unrecognized command-line option '-Wno-documentation-deprecated-sync' may have been intended to silence earlier diagnostics
gmake[1]: *** [CMakeFiles/cmTC_c1fa1.dir/build.make:78: CMakeFiles/cmTC_c1fa1.dir/CheckPrototypeDefinition.c.o] Error 1
gmake[1]: Leaving directory '/app/vendor/cache/ruby/3.3.0/gems/rugged-1.7.2/vendor/libgit2/build/CMakeFiles/CMakeTmp'
gmake: *** [Makefile:127: cmTC_c1fa1/fast] Error 2



#include <stdlib.h>


static void cmakeRequireSymbol(int dummy, ...) {
  (void) dummy;
}

static void checkSymbol(void) {
#ifndef qsort_s
  cmakeRequireSymbol(0, &qsort_s);
#endif
}

void (qsort_s)(void *base, size_t num, size_t width, int (*compare )(void *, const void *, const void *), void *context) {
  return ;
}

#ifdef __CLASSIC_C__
int main() {
  int ac;
  char*av[];
#else
int main(int ac, char *av[]) {
#endif
  checkSymbol();
  if (ac > 1000) {
    return *av[0];
  }
  return 0;
}


