have_library: checking for BIO_read() in -llibcrypto... -------------------- no

DYLD_FALLBACK_LIBRARY_PATH=.:/Users/anubhajoshi/.rvm/rubies/ruby-3.2.1/lib "gcc -o conftest -I/Users/anubhajoshi/.rvm/rubies/ruby-3.2.1/include/ruby-3.2.0/arm64-darwin21 -I/Users/anubhajoshi/.rvm/rubies/ruby-3.2.1/include/ruby-3.2.0/ruby/backward -I/Users/anubhajoshi/.rvm/rubies/ruby-3.2.1/include/ruby-3.2.0 -I. -I/opt/local/libexec/openssl11/include -D_XOPEN_SOURCE -D_DARWIN_C_SOURCE -D_DARWIN_UNLIMITED_SELECT -D_REENTRANT   -O3 -I/opt/homebrew/opt/libyaml/include -I/opt/homebrew/opt/libksba/include -I/opt/homebrew/opt/readline/include -I/opt/homebrew/opt/zlib/include -I/opt/homebrew/opt/openssl@1.1/include -fdeclspec -O3 -fno-fast-math -ggdb3 -Wno-error=implicit-function-declaration -fno-common -pipe conftest.c  -L. -L/Users/anubhajoshi/.rvm/rubies/ruby-3.2.1/lib -L/opt/local/libexec/openssl11/lib -L. -L/opt/homebrew/opt/libyaml/lib -L/opt/homebrew/opt/libksba/lib -L/opt/homebrew/opt/readline/lib -L/opt/homebrew/opt/zlib/lib -L/opt/homebrew/opt/openssl@1.1/lib -fstack-protector-strong     -lruby.3.2  -lpthread  "
ld: warning: directory not found for option '-L/opt/local/libexec/openssl11/lib'
checked program was:
/* begin */
1: #include "ruby.h"
2: 
3: int main(int argc, char **argv)
4: {
5:   return !!argv[argc];
6: }
/* end */

DYLD_FALLBACK_LIBRARY_PATH=.:/Users/anubhajoshi/.rvm/rubies/ruby-3.2.1/lib "gcc -o conftest -I/Users/anubhajoshi/.rvm/rubies/ruby-3.2.1/include/ruby-3.2.0/arm64-darwin21 -I/Users/anubhajoshi/.rvm/rubies/ruby-3.2.1/include/ruby-3.2.0/ruby/backward -I/Users/anubhajoshi/.rvm/rubies/ruby-3.2.1/include/ruby-3.2.0 -I. -I/opt/local/libexec/openssl11/include -D_XOPEN_SOURCE -D_DARWIN_C_SOURCE -D_DARWIN_UNLIMITED_SELECT -D_REENTRANT   -O3 -I/opt/homebrew/opt/libyaml/include -I/opt/homebrew/opt/libksba/include -I/opt/homebrew/opt/readline/include -I/opt/homebrew/opt/zlib/include -I/opt/homebrew/opt/openssl@1.1/include -fdeclspec -O3 -fno-fast-math -ggdb3 -Wno-error=implicit-function-declaration -fno-common -pipe conftest.c  -L. -L/Users/anubhajoshi/.rvm/rubies/ruby-3.2.1/lib -L/opt/local/libexec/openssl11/lib -L. -L/opt/homebrew/opt/libyaml/lib -L/opt/homebrew/opt/libksba/lib -L/opt/homebrew/opt/readline/lib -L/opt/homebrew/opt/zlib/lib -L/opt/homebrew/opt/openssl@1.1/lib -fstack-protector-strong     -lruby.3.2 -llibcrypto  -lpthread  "
conftest.c:14:57: error: use of undeclared identifier 'BIO_read'
int t(void) { void ((*volatile p)()); p = (void ((*)()))BIO_read; return !p; }
                                                        ^
1 error generated.
checked program was:
/* begin */
 1: #include "ruby.h"
 2: 
 3: /*top*/
 4: extern int t(void);
 5: int main(int argc, char **argv)
 6: {
 7:   if (argc > 1000000) {
 8:     int (* volatile tp)(void)=(int (*)(void))&t;
 9:     printf("%d", (*tp)());
10:   }
11: 
12:   return !!argv[argc];
13: }
14: int t(void) { void ((*volatile p)()); p = (void ((*)()))BIO_read; return !p; }
/* end */

DYLD_FALLBACK_LIBRARY_PATH=.:/Users/anubhajoshi/.rvm/rubies/ruby-3.2.1/lib "gcc -o conftest -I/Users/anubhajoshi/.rvm/rubies/ruby-3.2.1/include/ruby-3.2.0/arm64-darwin21 -I/Users/anubhajoshi/.rvm/rubies/ruby-3.2.1/include/ruby-3.2.0/ruby/backward -I/Users/anubhajoshi/.rvm/rubies/ruby-3.2.1/include/ruby-3.2.0 -I. -I/opt/local/libexec/openssl11/include -D_XOPEN_SOURCE -D_DARWIN_C_SOURCE -D_DARWIN_UNLIMITED_SELECT -D_REENTRANT   -O3 -I/opt/homebrew/opt/libyaml/include -I/opt/homebrew/opt/libksba/include -I/opt/homebrew/opt/readline/include -I/opt/homebrew/opt/zlib/include -I/opt/homebrew/opt/openssl@1.1/include -fdeclspec -O3 -fno-fast-math -ggdb3 -Wno-error=implicit-function-declaration -fno-common -pipe conftest.c  -L. -L/Users/anubhajoshi/.rvm/rubies/ruby-3.2.1/lib -L/opt/local/libexec/openssl11/lib -L. -L/opt/homebrew/opt/libyaml/lib -L/opt/homebrew/opt/libksba/lib -L/opt/homebrew/opt/readline/lib -L/opt/homebrew/opt/zlib/lib -L/opt/homebrew/opt/openssl@1.1/lib -fstack-protector-strong     -lruby.3.2 -llibcrypto  -lpthread  "
ld: warning: directory not found for option '-L/opt/local/libexec/openssl11/lib'
ld: library not found for -llibcrypto
clang: error: linker command failed with exit code 1 (use -v to see invocation)
checked program was:
/* begin */
 1: #include "ruby.h"
 2: 
 3: /*top*/
 4: extern int t(void);
 5: int main(int argc, char **argv)
 6: {
 7:   if (argc > 1000000) {
 8:     int (* volatile tp)(void)=(int (*)(void))&t;
 9:     printf("%d", (*tp)());
10:   }
11: 
12:   return !!argv[argc];
13: }
14: extern void BIO_read();
15: int t(void) { BIO_read(); return 0; }
/* end */

--------------------

have_library: checking for BIO_read() in -lcrypto... -------------------- yes

DYLD_FALLBACK_LIBRARY_PATH=.:/Users/anubhajoshi/.rvm/rubies/ruby-3.2.1/lib "gcc -o conftest -I/Users/anubhajoshi/.rvm/rubies/ruby-3.2.1/include/ruby-3.2.0/arm64-darwin21 -I/Users/anubhajoshi/.rvm/rubies/ruby-3.2.1/include/ruby-3.2.0/ruby/backward -I/Users/anubhajoshi/.rvm/rubies/ruby-3.2.1/include/ruby-3.2.0 -I. -I/opt/local/libexec/openssl11/include -D_XOPEN_SOURCE -D_DARWIN_C_SOURCE -D_DARWIN_UNLIMITED_SELECT -D_REENTRANT   -O3 -I/opt/homebrew/opt/libyaml/include -I/opt/homebrew/opt/libksba/include -I/opt/homebrew/opt/readline/include -I/opt/homebrew/opt/zlib/include -I/opt/homebrew/opt/openssl@1.1/include -fdeclspec -O3 -fno-fast-math -ggdb3 -Wno-error=implicit-function-declaration -fno-common -pipe conftest.c  -L. -L/Users/anubhajoshi/.rvm/rubies/ruby-3.2.1/lib -L/opt/local/libexec/openssl11/lib -L. -L/opt/homebrew/opt/libyaml/lib -L/opt/homebrew/opt/libksba/lib -L/opt/homebrew/opt/readline/lib -L/opt/homebrew/opt/zlib/lib -L/opt/homebrew/opt/openssl@1.1/lib -fstack-protector-strong     -lruby.3.2 -lcrypto  -lpthread  "
conftest.c:14:57: error: use of undeclared identifier 'BIO_read'
int t(void) { void ((*volatile p)()); p = (void ((*)()))BIO_read; return !p; }
                                                        ^
1 error generated.
checked program was:
/* begin */
 1: #include "ruby.h"
 2: 
 3: /*top*/
 4: extern int t(void);
 5: int main(int argc, char **argv)
 6: {
 7:   if (argc > 1000000) {
 8:     int (* volatile tp)(void)=(int (*)(void))&t;
 9:     printf("%d", (*tp)());
10:   }
11: 
12:   return !!argv[argc];
13: }
14: int t(void) { void ((*volatile p)()); p = (void ((*)()))BIO_read; return !p; }
/* end */

DYLD_FALLBACK_LIBRARY_PATH=.:/Users/anubhajoshi/.rvm/rubies/ruby-3.2.1/lib "gcc -o conftest -I/Users/anubhajoshi/.rvm/rubies/ruby-3.2.1/include/ruby-3.2.0/arm64-darwin21 -I/Users/anubhajoshi/.rvm/rubies/ruby-3.2.1/include/ruby-3.2.0/ruby/backward -I/Users/anubhajoshi/.rvm/rubies/ruby-3.2.1/include/ruby-3.2.0 -I. -I/opt/local/libexec/openssl11/include -D_XOPEN_SOURCE -D_DARWIN_C_SOURCE -D_DARWIN_UNLIMITED_SELECT -D_REENTRANT   -O3 -I/opt/homebrew/opt/libyaml/include -I/opt/homebrew/opt/libksba/include -I/opt/homebrew/opt/readline/include -I/opt/homebrew/opt/zlib/include -I/opt/homebrew/opt/openssl@1.1/include -fdeclspec -O3 -fno-fast-math -ggdb3 -Wno-error=implicit-function-declaration -fno-common -pipe conftest.c  -L. -L/Users/anubhajoshi/.rvm/rubies/ruby-3.2.1/lib -L/opt/local/libexec/openssl11/lib -L. -L/opt/homebrew/opt/libyaml/lib -L/opt/homebrew/opt/libksba/lib -L/opt/homebrew/opt/readline/lib -L/opt/homebrew/opt/zlib/lib -L/opt/homebrew/opt/openssl@1.1/lib -fstack-protector-strong     -lruby.3.2 -lcrypto  -lpthread  "
ld: warning: directory not found for option '-L/opt/local/libexec/openssl11/lib'
checked program was:
/* begin */
 1: #include "ruby.h"
 2: 
 3: /*top*/
 4: extern int t(void);
 5: int main(int argc, char **argv)
 6: {
 7:   if (argc > 1000000) {
 8:     int (* volatile tp)(void)=(int (*)(void))&t;
 9:     printf("%d", (*tp)());
10:   }
11: 
12:   return !!argv[argc];
13: }
14: extern void BIO_read();
15: int t(void) { BIO_read(); return 0; }
/* end */

--------------------

have_library: checking for SSL_CTX_new() in -lssl... -------------------- yes

DYLD_FALLBACK_LIBRARY_PATH=.:/Users/anubhajoshi/.rvm/rubies/ruby-3.2.1/lib "gcc -o conftest -I/Users/anubhajoshi/.rvm/rubies/ruby-3.2.1/include/ruby-3.2.0/arm64-darwin21 -I/Users/anubhajoshi/.rvm/rubies/ruby-3.2.1/include/ruby-3.2.0/ruby/backward -I/Users/anubhajoshi/.rvm/rubies/ruby-3.2.1/include/ruby-3.2.0 -I. -I/opt/local/libexec/openssl11/include -D_XOPEN_SOURCE -D_DARWIN_C_SOURCE -D_DARWIN_UNLIMITED_SELECT -D_REENTRANT   -O3 -I/opt/homebrew/opt/libyaml/include -I/opt/homebrew/opt/libksba/include -I/opt/homebrew/opt/readline/include -I/opt/homebrew/opt/zlib/include -I/opt/homebrew/opt/openssl@1.1/include -fdeclspec -O3 -fno-fast-math -ggdb3 -Wno-error=implicit-function-declaration -fno-common -pipe conftest.c  -L. -L/Users/anubhajoshi/.rvm/rubies/ruby-3.2.1/lib -L/opt/local/libexec/openssl11/lib -L. -L/opt/homebrew/opt/libyaml/lib -L/opt/homebrew/opt/libksba/lib -L/opt/homebrew/opt/readline/lib -L/opt/homebrew/opt/zlib/lib -L/opt/homebrew/opt/openssl@1.1/lib -fstack-protector-strong    -lcrypto  -lruby.3.2 -lssl -lcrypto  -lpthread  "
conftest.c:14:57: error: use of undeclared identifier 'SSL_CTX_new'
int t(void) { void ((*volatile p)()); p = (void ((*)()))SSL_CTX_new; return !p; }
                                                        ^
1 error generated.
checked program was:
/* begin */
 1: #include "ruby.h"
 2: 
 3: /*top*/
 4: extern int t(void);
 5: int main(int argc, char **argv)
 6: {
 7:   if (argc > 1000000) {
 8:     int (* volatile tp)(void)=(int (*)(void))&t;
 9:     printf("%d", (*tp)());
10:   }
11: 
12:   return !!argv[argc];
13: }
14: int t(void) { void ((*volatile p)()); p = (void ((*)()))SSL_CTX_new; return !p; }
/* end */

DYLD_FALLBACK_LIBRARY_PATH=.:/Users/anubhajoshi/.rvm/rubies/ruby-3.2.1/lib "gcc -o conftest -I/Users/anubhajoshi/.rvm/rubies/ruby-3.2.1/include/ruby-3.2.0/arm64-darwin21 -I/Users/anubhajoshi/.rvm/rubies/ruby-3.2.1/include/ruby-3.2.0/ruby/backward -I/Users/anubhajoshi/.rvm/rubies/ruby-3.2.1/include/ruby-3.2.0 -I. -I/opt/local/libexec/openssl11/include -D_XOPEN_SOURCE -D_DARWIN_C_SOURCE -D_DARWIN_UNLIMITED_SELECT -D_REENTRANT   -O3 -I/opt/homebrew/opt/libyaml/include -I/opt/homebrew/opt/libksba/include -I/opt/homebrew/opt/readline/include -I/opt/homebrew/opt/zlib/include -I/opt/homebrew/opt/openssl@1.1/include -fdeclspec -O3 -fno-fast-math -ggdb3 -Wno-error=implicit-function-declaration -fno-common -pipe conftest.c  -L. -L/Users/anubhajoshi/.rvm/rubies/ruby-3.2.1/lib -L/opt/local/libexec/openssl11/lib -L. -L/opt/homebrew/opt/libyaml/lib -L/opt/homebrew/opt/libksba/lib -L/opt/homebrew/opt/readline/lib -L/opt/homebrew/opt/zlib/lib -L/opt/homebrew/opt/openssl@1.1/lib -fstack-protector-strong    -lcrypto  -lruby.3.2 -lssl -lcrypto  -lpthread  "
ld: warning: directory not found for option '-L/opt/local/libexec/openssl11/lib'
checked program was:
/* begin */
 1: #include "ruby.h"
 2: 
 3: /*top*/
 4: extern int t(void);
 5: int main(int argc, char **argv)
 6: {
 7:   if (argc > 1000000) {
 8:     int (* volatile tp)(void)=(int (*)(void))&t;
 9:     printf("%d", (*tp)());
10:   }
11: 
12:   return !!argv[argc];
13: }
14: extern void SSL_CTX_new();
15: int t(void) { SSL_CTX_new(); return 0; }
/* end */

--------------------

have_header: checking for openssl/bio.h... -------------------- yes

DYLD_FALLBACK_LIBRARY_PATH=.:/Users/anubhajoshi/.rvm/rubies/ruby-3.2.1/lib "gcc -I/Users/anubhajoshi/.rvm/rubies/ruby-3.2.1/include/ruby-3.2.0/arm64-darwin21 -I/Users/anubhajoshi/.rvm/rubies/ruby-3.2.1/include/ruby-3.2.0/ruby/backward -I/Users/anubhajoshi/.rvm/rubies/ruby-3.2.1/include/ruby-3.2.0 -I. -I/opt/local/libexec/openssl11/include -D_XOPEN_SOURCE -D_DARWIN_C_SOURCE -D_DARWIN_UNLIMITED_SELECT -D_REENTRANT   -O3 -I/opt/homebrew/opt/libyaml/include -I/opt/homebrew/opt/libksba/include -I/opt/homebrew/opt/readline/include -I/opt/homebrew/opt/zlib/include -I/opt/homebrew/opt/openssl@1.1/include -fdeclspec -O3 -fno-fast-math -ggdb3 -Wno-error=implicit-function-declaration -fno-common -pipe   -c conftest.c"
checked program was:
/* begin */
1: #include "ruby.h"
2: 
3: #include <openssl/bio.h>
/* end */

--------------------

have_func: checking for DTLS_method() in openssl/ssl.h... -------------------- yes

DYLD_FALLBACK_LIBRARY_PATH=.:/Users/anubhajoshi/.rvm/rubies/ruby-3.2.1/lib "gcc -o conftest -I/Users/anubhajoshi/.rvm/rubies/ruby-3.2.1/include/ruby-3.2.0/arm64-darwin21 -I/Users/anubhajoshi/.rvm/rubies/ruby-3.2.1/include/ruby-3.2.0/ruby/backward -I/Users/anubhajoshi/.rvm/rubies/ruby-3.2.1/include/ruby-3.2.0 -I. -I/opt/local/libexec/openssl11/include -D_XOPEN_SOURCE -D_DARWIN_C_SOURCE -D_DARWIN_UNLIMITED_SELECT -D_REENTRANT   -O3 -I/opt/homebrew/opt/libyaml/include -I/opt/homebrew/opt/libksba/include -I/opt/homebrew/opt/readline/include -I/opt/homebrew/opt/zlib/include -I/opt/homebrew/opt/openssl@1.1/include -fdeclspec -O3 -fno-fast-math -ggdb3 -Wno-error=implicit-function-declaration -fno-common -pipe conftest.c  -L. -L/Users/anubhajoshi/.rvm/rubies/ruby-3.2.1/lib -L/opt/local/libexec/openssl11/lib -L. -L/opt/homebrew/opt/libyaml/lib -L/opt/homebrew/opt/libksba/lib -L/opt/homebrew/opt/readline/lib -L/opt/homebrew/opt/zlib/lib -L/opt/homebrew/opt/openssl@1.1/lib -fstack-protector-strong    -lssl -lcrypto  -lruby.3.2 -lssl -lcrypto  -lpthread  "
ld: warning: directory not found for option '-L/opt/local/libexec/openssl11/lib'
checked program was:
/* begin */
 1: #include "ruby.h"
 2: 
 3: #include <openssl/ssl.h>
 4: 
 5: /*top*/
 6: extern int t(void);
 7: int main(int argc, char **argv)
 8: {
 9:   if (argc > 1000000) {
10:     int (* volatile tp)(void)=(int (*)(void))&t;
11:     printf("%d", (*tp)());
12:   }
13: 
14:   return !!argv[argc];
15: }
16: int t(void) { void ((*volatile p)()); p = (void ((*)()))DTLS_method; return !p; }
/* end */

--------------------

have_func: checking for SSL_CTX_set_session_cache_mode(NULL, 0) in openssl/ssl.h... -------------------- yes

DYLD_FALLBACK_LIBRARY_PATH=.:/Users/anubhajoshi/.rvm/rubies/ruby-3.2.1/lib "gcc -o conftest -I/Users/anubhajoshi/.rvm/rubies/ruby-3.2.1/include/ruby-3.2.0/arm64-darwin21 -I/Users/anubhajoshi/.rvm/rubies/ruby-3.2.1/include/ruby-3.2.0/ruby/backward -I/Users/anubhajoshi/.rvm/rubies/ruby-3.2.1/include/ruby-3.2.0 -I. -I/opt/local/libexec/openssl11/include -D_XOPEN_SOURCE -D_DARWIN_C_SOURCE -D_DARWIN_UNLIMITED_SELECT -D_REENTRANT   -O3 -I/opt/homebrew/opt/libyaml/include -I/opt/homebrew/opt/libksba/include -I/opt/homebrew/opt/readline/include -I/opt/homebrew/opt/zlib/include -I/opt/homebrew/opt/openssl@1.1/include -fdeclspec -O3 -fno-fast-math -ggdb3 -Wno-error=implicit-function-declaration -fno-common -pipe conftest.c  -L. -L/Users/anubhajoshi/.rvm/rubies/ruby-3.2.1/lib -L/opt/local/libexec/openssl11/lib -L. -L/opt/homebrew/opt/libyaml/lib -L/opt/homebrew/opt/libksba/lib -L/opt/homebrew/opt/readline/lib -L/opt/homebrew/opt/zlib/lib -L/opt/homebrew/opt/openssl@1.1/lib -fstack-protector-strong    -lssl -lcrypto  -lruby.3.2 -lssl -lcrypto  -lpthread  "
ld: warning: directory not found for option '-L/opt/local/libexec/openssl11/lib'
checked program was:
/* begin */
 1: #include "ruby.h"
 2: 
 3: #include <openssl/ssl.h>
 4: 
 5: /*top*/
 6: extern int t(void);
 7: int main(int argc, char **argv)
 8: {
 9:   if (argc > 1000000) {
10:     int (* volatile tp)(void)=(int (*)(void))&t;
11:     printf("%d", (*tp)());
12:   }
13: 
14:   return !!argv[argc];
15: }
16: 
17: int t(void) { SSL_CTX_set_session_cache_mode(NULL, 0); return 0; }
/* end */

--------------------

have_func: checking for TLS_server_method() in openssl/ssl.h... -------------------- yes

DYLD_FALLBACK_LIBRARY_PATH=.:/Users/anubhajoshi/.rvm/rubies/ruby-3.2.1/lib "gcc -o conftest -I/Users/anubhajoshi/.rvm/rubies/ruby-3.2.1/include/ruby-3.2.0/arm64-darwin21 -I/Users/anubhajoshi/.rvm/rubies/ruby-3.2.1/include/ruby-3.2.0/ruby/backward -I/Users/anubhajoshi/.rvm/rubies/ruby-3.2.1/include/ruby-3.2.0 -I. -I/opt/local/libexec/openssl11/include -D_XOPEN_SOURCE -D_DARWIN_C_SOURCE -D_DARWIN_UNLIMITED_SELECT -D_REENTRANT   -O3 -I/opt/homebrew/opt/libyaml/include -I/opt/homebrew/opt/libksba/include -I/opt/homebrew/opt/readline/include -I/opt/homebrew/opt/zlib/include -I/opt/homebrew/opt/openssl@1.1/include -fdeclspec -O3 -fno-fast-math -ggdb3 -Wno-error=implicit-function-declaration -fno-common -pipe conftest.c  -L. -L/Users/anubhajoshi/.rvm/rubies/ruby-3.2.1/lib -L/opt/local/libexec/openssl11/lib -L. -L/opt/homebrew/opt/libyaml/lib -L/opt/homebrew/opt/libksba/lib -L/opt/homebrew/opt/readline/lib -L/opt/homebrew/opt/zlib/lib -L/opt/homebrew/opt/openssl@1.1/lib -fstack-protector-strong    -lssl -lcrypto  -lruby.3.2 -lssl -lcrypto  -lpthread  "
ld: warning: directory not found for option '-L/opt/local/libexec/openssl11/lib'
checked program was:
/* begin */
 1: #include "ruby.h"
 2: 
 3: #include <openssl/ssl.h>
 4: 
 5: /*top*/
 6: extern int t(void);
 7: int main(int argc, char **argv)
 8: {
 9:   if (argc > 1000000) {
10:     int (* volatile tp)(void)=(int (*)(void))&t;
11:     printf("%d", (*tp)());
12:   }
13: 
14:   return !!argv[argc];
15: }
16: int t(void) { void ((*volatile p)()); p = (void ((*)()))TLS_server_method; return !p; }
/* end */

--------------------

have_func: checking for SSL_CTX_set_min_proto_version(NULL, 0) in openssl/ssl.h... -------------------- yes

DYLD_FALLBACK_LIBRARY_PATH=.:/Users/anubhajoshi/.rvm/rubies/ruby-3.2.1/lib "gcc -o conftest -I/Users/anubhajoshi/.rvm/rubies/ruby-3.2.1/include/ruby-3.2.0/arm64-darwin21 -I/Users/anubhajoshi/.rvm/rubies/ruby-3.2.1/include/ruby-3.2.0/ruby/backward -I/Users/anubhajoshi/.rvm/rubies/ruby-3.2.1/include/ruby-3.2.0 -I. -I/opt/local/libexec/openssl11/include -D_XOPEN_SOURCE -D_DARWIN_C_SOURCE -D_DARWIN_UNLIMITED_SELECT -D_REENTRANT   -O3 -I/opt/homebrew/opt/libyaml/include -I/opt/homebrew/opt/libksba/include -I/opt/homebrew/opt/readline/include -I/opt/homebrew/opt/zlib/include -I/opt/homebrew/opt/openssl@1.1/include -fdeclspec -O3 -fno-fast-math -ggdb3 -Wno-error=implicit-function-declaration -fno-common -pipe conftest.c  -L. -L/Users/anubhajoshi/.rvm/rubies/ruby-3.2.1/lib -L/opt/local/libexec/openssl11/lib -L. -L/opt/homebrew/opt/libyaml/lib -L/opt/homebrew/opt/libksba/lib -L/opt/homebrew/opt/readline/lib -L/opt/homebrew/opt/zlib/lib -L/opt/homebrew/opt/openssl@1.1/lib -fstack-protector-strong    -lssl -lcrypto  -lruby.3.2 -lssl -lcrypto  -lpthread  "
ld: warning: directory not found for option '-L/opt/local/libexec/openssl11/lib'
checked program was:
/* begin */
 1: #include "ruby.h"
 2: 
 3: #include <openssl/ssl.h>
 4: 
 5: /*top*/
 6: extern int t(void);
 7: int main(int argc, char **argv)
 8: {
 9:   if (argc > 1000000) {
10:     int (* volatile tp)(void)=(int (*)(void))&t;
11:     printf("%d", (*tp)());
12:   }
13: 
14:   return !!argv[argc];
15: }
16: 
17: int t(void) { SSL_CTX_set_min_proto_version(NULL, 0); return 0; }
/* end */

--------------------

have_func: checking for X509_STORE_up_ref()... -------------------- yes

DYLD_FALLBACK_LIBRARY_PATH=.:/Users/anubhajoshi/.rvm/rubies/ruby-3.2.1/lib "gcc -o conftest -I/Users/anubhajoshi/.rvm/rubies/ruby-3.2.1/include/ruby-3.2.0/arm64-darwin21 -I/Users/anubhajoshi/.rvm/rubies/ruby-3.2.1/include/ruby-3.2.0/ruby/backward -I/Users/anubhajoshi/.rvm/rubies/ruby-3.2.1/include/ruby-3.2.0 -I. -I/opt/local/libexec/openssl11/include -D_XOPEN_SOURCE -D_DARWIN_C_SOURCE -D_DARWIN_UNLIMITED_SELECT -D_REENTRANT   -O3 -I/opt/homebrew/opt/libyaml/include -I/opt/homebrew/opt/libksba/include -I/opt/homebrew/opt/readline/include -I/opt/homebrew/opt/zlib/include -I/opt/homebrew/opt/openssl@1.1/include -fdeclspec -O3 -fno-fast-math -ggdb3 -Wno-error=implicit-function-declaration -fno-common -pipe conftest.c  -L. -L/Users/anubhajoshi/.rvm/rubies/ruby-3.2.1/lib -L/opt/local/libexec/openssl11/lib -L. -L/opt/homebrew/opt/libyaml/lib -L/opt/homebrew/opt/libksba/lib -L/opt/homebrew/opt/readline/lib -L/opt/homebrew/opt/zlib/lib -L/opt/homebrew/opt/openssl@1.1/lib -fstack-protector-strong    -lssl -lcrypto  -lruby.3.2 -lssl -lcrypto  -lpthread  "
conftest.c:14:57: error: use of undeclared identifier 'X509_STORE_up_ref'
int t(void) { void ((*volatile p)()); p = (void ((*)()))X509_STORE_up_ref; return !p; }
                                                        ^
1 error generated.
checked program was:
/* begin */
 1: #include "ruby.h"
 2: 
 3: /*top*/
 4: extern int t(void);
 5: int main(int argc, char **argv)
 6: {
 7:   if (argc > 1000000) {
 8:     int (* volatile tp)(void)=(int (*)(void))&t;
 9:     printf("%d", (*tp)());
10:   }
11: 
12:   return !!argv[argc];
13: }
14: int t(void) { void ((*volatile p)()); p = (void ((*)()))X509_STORE_up_ref; return !p; }
/* end */

DYLD_FALLBACK_LIBRARY_PATH=.:/Users/anubhajoshi/.rvm/rubies/ruby-3.2.1/lib "gcc -o conftest -I/Users/anubhajoshi/.rvm/rubies/ruby-3.2.1/include/ruby-3.2.0/arm64-darwin21 -I/Users/anubhajoshi/.rvm/rubies/ruby-3.2.1/include/ruby-3.2.0/ruby/backward -I/Users/anubhajoshi/.rvm/rubies/ruby-3.2.1/include/ruby-3.2.0 -I. -I/opt/local/libexec/openssl11/include -D_XOPEN_SOURCE -D_DARWIN_C_SOURCE -D_DARWIN_UNLIMITED_SELECT -D_REENTRANT   -O3 -I/opt/homebrew/opt/libyaml/include -I/opt/homebrew/opt/libksba/include -I/opt/homebrew/opt/readline/include -I/opt/homebrew/opt/zlib/include -I/opt/homebrew/opt/openssl@1.1/include -fdeclspec -O3 -fno-fast-math -ggdb3 -Wno-error=implicit-function-declaration -fno-common -pipe conftest.c  -L. -L/Users/anubhajoshi/.rvm/rubies/ruby-3.2.1/lib -L/opt/local/libexec/openssl11/lib -L. -L/opt/homebrew/opt/libyaml/lib -L/opt/homebrew/opt/libksba/lib -L/opt/homebrew/opt/readline/lib -L/opt/homebrew/opt/zlib/lib -L/opt/homebrew/opt/openssl@1.1/lib -fstack-protector-strong    -lssl -lcrypto  -lruby.3.2 -lssl -lcrypto  -lpthread  "
ld: warning: directory not found for option '-L/opt/local/libexec/openssl11/lib'
checked program was:
/* begin */
 1: #include "ruby.h"
 2: 
 3: /*top*/
 4: extern int t(void);
 5: int main(int argc, char **argv)
 6: {
 7:   if (argc > 1000000) {
 8:     int (* volatile tp)(void)=(int (*)(void))&t;
 9:     printf("%d", (*tp)());
10:   }
11: 
12:   return !!argv[argc];
13: }
14: extern void X509_STORE_up_ref();
15: int t(void) { X509_STORE_up_ref(); return 0; }
/* end */

--------------------

have_func: checking for SSL_CTX_set_ecdh_auto(NULL, 0) in openssl/ssl.h... -------------------- yes

DYLD_FALLBACK_LIBRARY_PATH=.:/Users/anubhajoshi/.rvm/rubies/ruby-3.2.1/lib "gcc -o conftest -I/Users/anubhajoshi/.rvm/rubies/ruby-3.2.1/include/ruby-3.2.0/arm64-darwin21 -I/Users/anubhajoshi/.rvm/rubies/ruby-3.2.1/include/ruby-3.2.0/ruby/backward -I/Users/anubhajoshi/.rvm/rubies/ruby-3.2.1/include/ruby-3.2.0 -I. -I/opt/local/libexec/openssl11/include -D_XOPEN_SOURCE -D_DARWIN_C_SOURCE -D_DARWIN_UNLIMITED_SELECT -D_REENTRANT   -O3 -I/opt/homebrew/opt/libyaml/include -I/opt/homebrew/opt/libksba/include -I/opt/homebrew/opt/readline/include -I/opt/homebrew/opt/zlib/include -I/opt/homebrew/opt/openssl@1.1/include -fdeclspec -O3 -fno-fast-math -ggdb3 -Wno-error=implicit-function-declaration -fno-common -pipe conftest.c  -L. -L/Users/anubhajoshi/.rvm/rubies/ruby-3.2.1/lib -L/opt/local/libexec/openssl11/lib -L. -L/opt/homebrew/opt/libyaml/lib -L/opt/homebrew/opt/libksba/lib -L/opt/homebrew/opt/readline/lib -L/opt/homebrew/opt/zlib/lib -L/opt/homebrew/opt/openssl@1.1/lib -fstack-protector-strong    -lssl -lcrypto  -lruby.3.2 -lssl -lcrypto  -lpthread  "
ld: warning: directory not found for option '-L/opt/local/libexec/openssl11/lib'
checked program was:
/* begin */
 1: #include "ruby.h"
 2: 
 3: #include <openssl/ssl.h>
 4: 
 5: /*top*/
 6: extern int t(void);
 7: int main(int argc, char **argv)
 8: {
 9:   if (argc > 1000000) {
10:     int (* volatile tp)(void)=(int (*)(void))&t;
11:     printf("%d", (*tp)());
12:   }
13: 
14:   return !!argv[argc];
15: }
16: 
17: int t(void) { SSL_CTX_set_ecdh_auto(NULL, 0); return 0; }
/* end */

--------------------

have_func: checking for SSL_CTX_set_dh_auto(NULL, 0) in openssl/ssl.h... -------------------- yes

DYLD_FALLBACK_LIBRARY_PATH=.:/Users/anubhajoshi/.rvm/rubies/ruby-3.2.1/lib "gcc -o conftest -I/Users/anubhajoshi/.rvm/rubies/ruby-3.2.1/include/ruby-3.2.0/arm64-darwin21 -I/Users/anubhajoshi/.rvm/rubies/ruby-3.2.1/include/ruby-3.2.0/ruby/backward -I/Users/anubhajoshi/.rvm/rubies/ruby-3.2.1/include/ruby-3.2.0 -I. -I/opt/local/libexec/openssl11/include -D_XOPEN_SOURCE -D_DARWIN_C_SOURCE -D_DARWIN_UNLIMITED_SELECT -D_REENTRANT   -O3 -I/opt/homebrew/opt/libyaml/include -I/opt/homebrew/opt/libksba/include -I/opt/homebrew/opt/readline/include -I/opt/homebrew/opt/zlib/include -I/opt/homebrew/opt/openssl@1.1/include -fdeclspec -O3 -fno-fast-math -ggdb3 -Wno-error=implicit-function-declaration -fno-common -pipe conftest.c  -L. -L/Users/anubhajoshi/.rvm/rubies/ruby-3.2.1/lib -L/opt/local/libexec/openssl11/lib -L. -L/opt/homebrew/opt/libyaml/lib -L/opt/homebrew/opt/libksba/lib -L/opt/homebrew/opt/readline/lib -L/opt/homebrew/opt/zlib/lib -L/opt/homebrew/opt/openssl@1.1/lib -fstack-protector-strong    -lssl -lcrypto  -lruby.3.2 -lssl -lcrypto  -lpthread  "
ld: warning: directory not found for option '-L/opt/local/libexec/openssl11/lib'
checked program was:
/* begin */
 1: #include "ruby.h"
 2: 
 3: #include <openssl/ssl.h>
 4: 
 5: /*top*/
 6: extern int t(void);
 7: int main(int argc, char **argv)
 8: {
 9:   if (argc > 1000000) {
10:     int (* volatile tp)(void)=(int (*)(void))&t;
11:     printf("%d", (*tp)());
12:   }
13: 
14:   return !!argv[argc];
15: }
16: 
17: int t(void) { SSL_CTX_set_dh_auto(NULL, 0); return 0; }
/* end */

--------------------

have_func: checking for SSL_get1_peer_certificate() in openssl/ssl.h... -------------------- no

DYLD_FALLBACK_LIBRARY_PATH=.:/Users/anubhajoshi/.rvm/rubies/ruby-3.2.1/lib "gcc -o conftest -I/Users/anubhajoshi/.rvm/rubies/ruby-3.2.1/include/ruby-3.2.0/arm64-darwin21 -I/Users/anubhajoshi/.rvm/rubies/ruby-3.2.1/include/ruby-3.2.0/ruby/backward -I/Users/anubhajoshi/.rvm/rubies/ruby-3.2.1/include/ruby-3.2.0 -I. -I/opt/local/libexec/openssl11/include -D_XOPEN_SOURCE -D_DARWIN_C_SOURCE -D_DARWIN_UNLIMITED_SELECT -D_REENTRANT   -O3 -I/opt/homebrew/opt/libyaml/include -I/opt/homebrew/opt/libksba/include -I/opt/homebrew/opt/readline/include -I/opt/homebrew/opt/zlib/include -I/opt/homebrew/opt/openssl@1.1/include -fdeclspec -O3 -fno-fast-math -ggdb3 -Wno-error=implicit-function-declaration -fno-common -pipe conftest.c  -L. -L/Users/anubhajoshi/.rvm/rubies/ruby-3.2.1/lib -L/opt/local/libexec/openssl11/lib -L. -L/opt/homebrew/opt/libyaml/lib -L/opt/homebrew/opt/libksba/lib -L/opt/homebrew/opt/readline/lib -L/opt/homebrew/opt/zlib/lib -L/opt/homebrew/opt/openssl@1.1/lib -fstack-protector-strong    -lssl -lcrypto  -lruby.3.2 -lssl -lcrypto  -lpthread  "
conftest.c:16:57: error: use of undeclared identifier 'SSL_get1_peer_certificate'
int t(void) { void ((*volatile p)()); p = (void ((*)()))SSL_get1_peer_certificate; return !p; }
                                                        ^
1 error generated.
checked program was:
/* begin */
 1: #include "ruby.h"
 2: 
 3: #include <openssl/ssl.h>
 4: 
 5: /*top*/
 6: extern int t(void);
 7: int main(int argc, char **argv)
 8: {
 9:   if (argc > 1000000) {
10:     int (* volatile tp)(void)=(int (*)(void))&t;
11:     printf("%d", (*tp)());
12:   }
13: 
14:   return !!argv[argc];
15: }
16: int t(void) { void ((*volatile p)()); p = (void ((*)()))SSL_get1_peer_certificate; return !p; }
/* end */

DYLD_FALLBACK_LIBRARY_PATH=.:/Users/anubhajoshi/.rvm/rubies/ruby-3.2.1/lib "gcc -o conftest -I/Users/anubhajoshi/.rvm/rubies/ruby-3.2.1/include/ruby-3.2.0/arm64-darwin21 -I/Users/anubhajoshi/.rvm/rubies/ruby-3.2.1/include/ruby-3.2.0/ruby/backward -I/Users/anubhajoshi/.rvm/rubies/ruby-3.2.1/include/ruby-3.2.0 -I. -I/opt/local/libexec/openssl11/include -D_XOPEN_SOURCE -D_DARWIN_C_SOURCE -D_DARWIN_UNLIMITED_SELECT -D_REENTRANT   -O3 -I/opt/homebrew/opt/libyaml/include -I/opt/homebrew/opt/libksba/include -I/opt/homebrew/opt/readline/include -I/opt/homebrew/opt/zlib/include -I/opt/homebrew/opt/openssl@1.1/include -fdeclspec -O3 -fno-fast-math -ggdb3 -Wno-error=implicit-function-declaration -fno-common -pipe conftest.c  -L. -L/Users/anubhajoshi/.rvm/rubies/ruby-3.2.1/lib -L/opt/local/libexec/openssl11/lib -L. -L/opt/homebrew/opt/libyaml/lib -L/opt/homebrew/opt/libksba/lib -L/opt/homebrew/opt/readline/lib -L/opt/homebrew/opt/zlib/lib -L/opt/homebrew/opt/openssl@1.1/lib -fstack-protector-strong    -lssl -lcrypto  -lruby.3.2 -lssl -lcrypto  -lpthread  "
ld: warning: directory not found for option '-L/opt/local/libexec/openssl11/lib'
Undefined symbols for architecture arm64:
  "_SSL_get1_peer_certificate", referenced from:
      _t in conftest-5ed571.o
ld: symbol(s) not found for architecture arm64
clang: error: linker command failed with exit code 1 (use -v to see invocation)
checked program was:
/* begin */
 1: #include "ruby.h"
 2: 
 3: #include <openssl/ssl.h>
 4: 
 5: /*top*/
 6: extern int t(void);
 7: int main(int argc, char **argv)
 8: {
 9:   if (argc > 1000000) {
10:     int (* volatile tp)(void)=(int (*)(void))&t;
11:     printf("%d", (*tp)());
12:   }
13: 
14:   return !!argv[argc];
15: }
16: extern void SSL_get1_peer_certificate();
17: int t(void) { SSL_get1_peer_certificate(); return 0; }
/* end */

--------------------

